@I [HLS-0] Workspace C:/Users/gabil/Documents/inf3610_tp4/implementation2/hls/matrix_mul/matrix_mul/solution1 opened at Mon Dec 07 20:23:39 -0500 2015
@I [HLS-100] Command "config_clock -quiet -name - -period 10.0 -default=false "
@I [SYN-201] Setting up clock with a period of 10ns.
@I [HLS-100] Command 'config_clock' returned 0; elapsed 0Total elapsed time: 0.693 sec.
@I [HLS-100] Command "config_clock -quiet -name - -uncertainty 3.0 "
@I [SYN-201] Setting up clock with an uncertainty of 3ns.
@I [HLS-100] Command 'config_clock' returned 0; elapsed 0.001Total elapsed time: 0.694 sec.
@I [HLS-100] Command "open_platform DefaultPlatform "
@I [HLS-100] Command 'open_platform' returned 0; elapsed 0Total elapsed time: 0.697 sec.
@I [HLS-100] Command "import_lib C:/Logiciels/Xilinx/Vivado_HLS/2012.4/common/technology/xilinx/zynq/zynq "
@I [HLS-100] Command "source C:/Logiciels/Xilinx/Vivado_HLS/2012.4/common/technology/xilinx/common/xilinx.lib "
@I [HLS-100] Command "source C:/Logiciels/Xilinx/Vivado_HLS/2012.4/common/technology/xilinx/interface/xilinx_interface.lib "
@I [HLS-100] Command "source C:/Logiciels/Xilinx/Vivado_HLS/2012.4/common/technology/xilinx/interface/plb46.lib "
@I [HLS-100] Command 'ap_source' returned 0; elapsed 0.001Total elapsed time: 0.699 sec.
@I [HLS-100] Command "source C:/Logiciels/Xilinx/Vivado_HLS/2012.4/common/technology/xilinx/interface/fsl.lib "
@I [HLS-100] Command 'ap_source' returned 0; elapsed 0.001Total elapsed time: 0.700 sec.
@I [HLS-100] Command "source C:/Logiciels/Xilinx/Vivado_HLS/2012.4/common/technology/xilinx/interface/axi4.lib "
@I [HLS-100] Command 'ap_source' returned 0; elapsed 0.001Total elapsed time: 0.701 sec.
@I [HLS-100] Command 'ap_source' returned 0; elapsed 0.003Total elapsed time: 0.701 sec.
@I [HLS-100] Command "source C:/Logiciels/Xilinx/Vivado_HLS/2012.4/common/technology/xilinx/common/dsp48.lib "
@I [HLS-100] Command 'ap_source' returned 0; elapsed 0.001Total elapsed time: 0.702 sec.
@I [HLS-100] Command 'ap_source' returned 0; elapsed 0.011Total elapsed time: 0.708 sec.
@I [HLS-100] Command "source C:/Logiciels/Xilinx/Vivado_HLS/2012.4/common/technology/xilinx/common/xilinx_old.lib "
@I [HLS-100] Command 'ap_source' returned 0; elapsed 0.003Total elapsed time: 0.717 sec.
@I [HLS-100] Command "source C:/Logiciels/Xilinx/Vivado_HLS/2012.4/common/technology/xilinx/common/xilinx.hlp "
@I [HLS-100] Command "source C:/Logiciels/Xilinx/Vivado_HLS/2012.4/common/technology/xilinx/common/target_info.tcl "
@I [HLS-100] Command 'ap_source' returned 0; elapsed 0.001Total elapsed time: 0.726 sec.
@I [HLS-100] Command "source C:/Logiciels/Xilinx/Vivado_HLS/2012.4/common/technology/xilinx/common/dsp48.hlp "
@I [HLS-100] Command 'ap_source' returned 0; elapsed 0.001Total elapsed time: 0.728 sec.
@I [HLS-100] Command 'ap_source' returned 0; elapsed 0.005Total elapsed time: 0.729 sec.
@I [HLS-100] Command "source C:/Logiciels/Xilinx/Vivado_HLS/2012.4/common/technology/xilinx/zynq/dsp48e1.hlp "
@I [HLS-100] Command 'ap_source' returned 0; elapsed 0.001Total elapsed time: 0.730 sec.
@I [HLS-100] Command "get_default_platform "
@I [HLS-100] Command 'get_default_platform' returned 0; elapsed 0Total elapsed time: 0.730 sec.
@I [HLS-100] Command "config_chip_info -quiet -resource  {SLICE 13300}  {LUT 53200}     {FF 106400} {DSP48E 220}   {BRAM 280}  "
@I [HLS-100] Command 'config_chip_info' returned 0; elapsed 0Total elapsed time: 0.730 sec.
@I [HLS-100] Command "config_chip_info -quiet -speed medium "
@I [HLS-100] Command 'config_chip_info' returned 0; elapsed 0Total elapsed time: 0.730 sec.
@I [HLS-100] Command 'import_lib' returned 0; elapsed 0.038Total elapsed time: 0.735 sec.
@I [HLS-100] Command "source C:/Logiciels/Xilinx/Vivado_HLS/2012.4/common/technology/xilinx/zynq/zynq.gen "
@I [HLS-100] Command "source C:/Logiciels/Xilinx/Vivado_HLS/2012.4/common/technology/xilinx/common/virtex.gen "
@I [HLS-100] Command "source C:/Logiciels/Xilinx/Vivado_HLS/2012.4/common/technology/xilinx/common/xilinx.gen "
@I [HLS-100] Command "source C:/Logiciels/Xilinx/Vivado_HLS/2012.4/common/technology/xilinx/interface/plb46.gen "
@I [HLS-100] Command 'ap_source' returned 0; elapsed 0.003Total elapsed time: 0.741 sec.
@I [HLS-100] Command "source C:/Logiciels/Xilinx/Vivado_HLS/2012.4/common/technology/xilinx/interface/fsl.gen "
@I [HLS-100] Command 'ap_source' returned 0; elapsed 0.001Total elapsed time: 0.742 sec.
@I [HLS-100] Command "source C:/Logiciels/Xilinx/Vivado_HLS/2012.4/common/technology/xilinx/interface/axi4.gen "
@I [HLS-100] Command 'ap_source' returned 0; elapsed 0.005Total elapsed time: 0.747 sec.
@I [HLS-100] Command "source C:/Logiciels/Xilinx/Vivado_HLS/2012.4/common/technology/xilinx/scripts/xilinxcoregen.gen "
@I [HLS-100] Command 'ap_source' returned 0; elapsed 0.018Total elapsed time: 0.765 sec.
@I [HLS-100] Command "source C:/Logiciels/Xilinx/Vivado_HLS/2012.4/common/technology/xilinx/interface/XilEDKCoreGen.gen "
@I [HLS-100] Command 'ap_source' returned 0; elapsed 0.022Total elapsed time: 0.787 sec.
@I [HLS-100] Command 'ap_source' returned 0; elapsed 0.05Total elapsed time: 0.787 sec.
@I [HLS-100] Command "source C:/Logiciels/Xilinx/Vivado_HLS/2012.4/common/technology/xilinx/common/dsp48.gen "
@I [HLS-100] Command 'ap_source' returned 0; elapsed 0Total elapsed time: 0.790 sec.
@I [HLS-100] Command 'ap_source' returned 0; elapsed 0.055Total elapsed time: 0.791 sec.
@I [HLS-100] Command 'ap_source' returned 0; elapsed 0.056Total elapsed time: 0.791 sec.
@I [HLS-100] Command "open_platform DefaultPlatform "
@I [HLS-100] Command 'open_platform' returned 0; elapsed 0Total elapsed time: 0.791 sec.
@I [HLS-100] Command "import_lib C:/Logiciels/Xilinx/Vivado_HLS/2012.4/common/technology/xilinx/zynq/zynq_fpv6 "
@I [HLS-100] Command "source C:/Logiciels/Xilinx/Vivado_HLS/2012.4/common/technology/xilinx/common/xilinx_fpv6_old.lib "
@I [HLS-100] Command "source C:/Logiciels/Xilinx/Vivado_HLS/2012.4/common/technology/xilinx/common/xilinx_fpv6.lib "
@I [HLS-100] Command 'ap_source' returned 0; elapsed 0.004Total elapsed time: 0.797 sec.
@I [HLS-100] Command 'ap_source' returned 0; elapsed 0.009Total elapsed time: 0.801 sec.
@I [HLS-100] Command 'import_lib' returned 0; elapsed 0.048Total elapsed time: 0.840 sec.
@I [HLS-100] Command "source C:/Logiciels/Xilinx/Vivado_HLS/2012.4/common/technology/xilinx/zynq/zynq_fpv6.gen "
@I [HLS-100] Command "source C:/Logiciels/Xilinx/Vivado_HLS/2012.4/common/technology/xilinx/common/xilinx_fpv6.gen "
@I [HLS-100] Command 'ap_source' returned 0; elapsed 0.003Total elapsed time: 0.844 sec.
@I [HLS-100] Command 'ap_source' returned 0; elapsed 0.003Total elapsed time: 0.844 sec.
@I [HLS-100] Command "set_part xc7z020clg484-1 "
@I [HLS-100] Command "add_library xilinx/zynq/zynq:xc7z020:clg484:-1 "
@I [HLS-100] Command "get_default_platform "
@I [HLS-100] Command 'get_default_platform' returned 0; elapsed 0Total elapsed time: 0.851 sec.
@I [HLS-100] Command "license_exists VIVADO_HLS "
@I [HLS-100] Command 'license_exists' returned 1; elapsed 0Total elapsed time: 0.851 sec.
@I [HLS-100] Command "license_exists AUTOESL_NI "
@I [HLS-100] Command 'license_exists' returned 1; elapsed 0Total elapsed time: 0.851 sec.
@I [HLS-100] Command "license_exists HLS "
@I [HLS-100] Command 'license_exists' returned 0; elapsed 0Total elapsed time: 0.851 sec.
@I [HLS-100] Command "open_platform DefaultPlatform "
@I [HLS-100] Command 'open_platform' returned 0; elapsed 0Total elapsed time: 0.852 sec.
@I [HLS-100] Command "import_lib C:/Logiciels/Xilinx/Vivado_HLS/2012.4/common/technology/xilinx/zynq/zynq "
@I [HLS-100] Command "source C:/Logiciels/Xilinx/Vivado_HLS/2012.4/common/technology/xilinx/common/xilinx.lib "
@I [HLS-100] Command "source C:/Logiciels/Xilinx/Vivado_HLS/2012.4/common/technology/xilinx/interface/xilinx_interface.lib "
@I [HLS-100] Command "source C:/Logiciels/Xilinx/Vivado_HLS/2012.4/common/technology/xilinx/interface/plb46.lib "
@I [HLS-100] Command 'ap_source' returned 0; elapsed 0.001Total elapsed time: 0.854 sec.
@I [HLS-100] Command "source C:/Logiciels/Xilinx/Vivado_HLS/2012.4/common/technology/xilinx/interface/fsl.lib "
@I [HLS-100] Command 'ap_source' returned 0; elapsed 0.001Total elapsed time: 0.855 sec.
@I [HLS-100] Command "source C:/Logiciels/Xilinx/Vivado_HLS/2012.4/common/technology/xilinx/interface/axi4.lib "
@I [HLS-100] Command 'ap_source' returned 0; elapsed 0.001Total elapsed time: 0.856 sec.
@I [HLS-100] Command 'ap_source' returned 0; elapsed 0.003Total elapsed time: 0.856 sec.
@I [HLS-100] Command "source C:/Logiciels/Xilinx/Vivado_HLS/2012.4/common/technology/xilinx/common/dsp48.lib "
@I [HLS-100] Command 'ap_source' returned 0; elapsed 0.001Total elapsed time: 0.857 sec.
@I [HLS-100] Command 'ap_source' returned 0; elapsed 0.01Total elapsed time: 0.862 sec.
@I [HLS-100] Command "source C:/Logiciels/Xilinx/Vivado_HLS/2012.4/common/technology/xilinx/common/xilinx_old.lib "
@I [HLS-100] Command 'ap_source' returned 0; elapsed 0.002Total elapsed time: 0.868 sec.
@I [HLS-100] Command "source C:/Logiciels/Xilinx/Vivado_HLS/2012.4/common/technology/xilinx/common/xilinx.hlp "
@I [HLS-100] Command "source C:/Logiciels/Xilinx/Vivado_HLS/2012.4/common/technology/xilinx/common/target_info.tcl "
@I [HLS-100] Command 'ap_source' returned 0; elapsed 0.039Total elapsed time: 0.914 sec.
@I [HLS-100] Command "source C:/Logiciels/Xilinx/Vivado_HLS/2012.4/common/technology/xilinx/common/dsp48.hlp "
@I [HLS-100] Command 'ap_source' returned 0; elapsed 0.001Total elapsed time: 0.915 sec.
@I [HLS-100] Command 'ap_source' returned 0; elapsed 0.041Total elapsed time: 0.915 sec.
@I [HLS-100] Command "source C:/Logiciels/Xilinx/Vivado_HLS/2012.4/common/technology/xilinx/zynq/dsp48e1.hlp "
@I [HLS-100] Command 'ap_source' returned 0; elapsed 0Total elapsed time: 0.915 sec.
@I [HLS-100] Command "get_default_platform "
@I [HLS-100] Command 'get_default_platform' returned 0; elapsed 0Total elapsed time: 0.916 sec.
@I [HLS-100] Command "config_chip_info -quiet -resource  {SLICE 13300}  {LUT 53200}     {FF 106400} {DSP48E 220}   {BRAM 280}  "
@I [HLS-100] Command 'config_chip_info' returned 0; elapsed 0Total elapsed time: 0.916 sec.
@I [HLS-100] Command "config_chip_info -quiet -speed medium "
@I [HLS-100] Command 'config_chip_info' returned 0; elapsed 0Total elapsed time: 0.916 sec.
@I [HLS-100] Command 'import_lib' returned 0; elapsed 0.066Total elapsed time: 0.918 sec.
@I [HLS-100] Command "source C:/Logiciels/Xilinx/Vivado_HLS/2012.4/common/technology/xilinx/zynq/zynq.gen "
@I [HLS-100] Command "source C:/Logiciels/Xilinx/Vivado_HLS/2012.4/common/technology/xilinx/common/virtex.gen "
@I [HLS-100] Command "source C:/Logiciels/Xilinx/Vivado_HLS/2012.4/common/technology/xilinx/common/xilinx.gen "
@I [HLS-100] Command "source C:/Logiciels/Xilinx/Vivado_HLS/2012.4/common/technology/xilinx/interface/plb46.gen "
@I [HLS-100] Command 'ap_source' returned 0; elapsed 0.002Total elapsed time: 0.921 sec.
@I [HLS-100] Command "source C:/Logiciels/Xilinx/Vivado_HLS/2012.4/common/technology/xilinx/interface/fsl.gen "
@I [HLS-100] Command 'ap_source' returned 0; elapsed 0Total elapsed time: 0.921 sec.
@I [HLS-100] Command "source C:/Logiciels/Xilinx/Vivado_HLS/2012.4/common/technology/xilinx/interface/axi4.gen "
@I [HLS-100] Command 'ap_source' returned 0; elapsed 0.002Total elapsed time: 0.923 sec.
@I [HLS-100] Command "source C:/Logiciels/Xilinx/Vivado_HLS/2012.4/common/technology/xilinx/scripts/xilinxcoregen.gen "
@I [HLS-100] Command 'ap_source' returned 0; elapsed 0.008Total elapsed time: 0.932 sec.
@I [HLS-100] Command "source C:/Logiciels/Xilinx/Vivado_HLS/2012.4/common/technology/xilinx/interface/XilEDKCoreGen.gen "
@I [HLS-100] Command 'ap_source' returned 0; elapsed 0.011Total elapsed time: 0.944 sec.
@I [HLS-100] Command 'ap_source' returned 0; elapsed 0.025Total elapsed time: 0.944 sec.
@I [HLS-100] Command "source C:/Logiciels/Xilinx/Vivado_HLS/2012.4/common/technology/xilinx/common/dsp48.gen "
@I [HLS-100] Command 'ap_source' returned 0; elapsed 0Total elapsed time: 0.945 sec.
@I [HLS-100] Command 'ap_source' returned 0; elapsed 0.026Total elapsed time: 0.945 sec.
@I [HLS-100] Command 'ap_source' returned 0; elapsed 0.028Total elapsed time: 0.946 sec.
@I [HLS-100] Command "get_default_platform "
@I [HLS-100] Command 'get_default_platform' returned 0; elapsed 0Total elapsed time: 0.949 sec.
@I [HLS-100] Command "config_chip_info -quiet -resource  {SLICE 13300}  {LUT 53200}     {FF 106400} {DSP48E 220}   {BRAM 280}  "
@I [HLS-100] Command 'config_chip_info' returned 0; elapsed 0Total elapsed time: 0.949 sec.
@I [HLS-100] Command "config_chip_info -quiet -speed slow "
@I [HLS-100] Command 'config_chip_info' returned 0; elapsed 0Total elapsed time: 0.949 sec.
@I [HLS-100] Command 'add_library' returned 0; elapsed 0.103Total elapsed time: 0.952 sec.
@I [HLS-100] Command "add_library xilinx/zynq/zynq_fpv6 "
@I [HLS-100] Command "get_default_platform "
@I [HLS-100] Command 'get_default_platform' returned 0; elapsed 0Total elapsed time: 0.953 sec.
@I [HLS-100] Command "license_exists VIVADO_HLS "
@I [HLS-100] Command 'license_exists' returned 1; elapsed 0Total elapsed time: 0.953 sec.
@I [HLS-100] Command "license_exists AUTOESL_NI "
@I [HLS-100] Command 'license_exists' returned 1; elapsed 0Total elapsed time: 0.953 sec.
@I [HLS-100] Command "license_exists HLS "
@I [HLS-100] Command 'license_exists' returned 0; elapsed 0Total elapsed time: 0.953 sec.
@I [HLS-100] Command "open_platform DefaultPlatform "
@I [HLS-100] Command 'open_platform' returned 0; elapsed 0Total elapsed time: 0.954 sec.
@I [HLS-100] Command "import_lib C:/Logiciels/Xilinx/Vivado_HLS/2012.4/common/technology/xilinx/zynq/zynq_fpv6 "
@I [HLS-100] Command "source C:/Logiciels/Xilinx/Vivado_HLS/2012.4/common/technology/xilinx/common/xilinx_fpv6_old.lib "
@I [HLS-100] Command "source C:/Logiciels/Xilinx/Vivado_HLS/2012.4/common/technology/xilinx/common/xilinx_fpv6.lib "
@I [HLS-100] Command 'ap_source' returned 0; elapsed 0.002Total elapsed time: 0.956 sec.
@I [HLS-100] Command 'ap_source' returned 0; elapsed 0.004Total elapsed time: 0.958 sec.
@I [HLS-100] Command 'import_lib' returned 0; elapsed 0.024Total elapsed time: 0.978 sec.
@I [HLS-100] Command "source C:/Logiciels/Xilinx/Vivado_HLS/2012.4/common/technology/xilinx/zynq/zynq_fpv6.gen "
@I [HLS-100] Command "source C:/Logiciels/Xilinx/Vivado_HLS/2012.4/common/technology/xilinx/common/xilinx_fpv6.gen "
@I [HLS-100] Command 'ap_source' returned 0; elapsed 0.002Total elapsed time: 0.980 sec.
@I [HLS-100] Command 'ap_source' returned 0; elapsed 0.002Total elapsed time: 0.980 sec.
@I [HLS-100] Command 'add_library' returned 0; elapsed 0.029Total elapsed time: 0.981 sec.
@I [HLS-10] Setting target device to 'xc7z020clg484-1'
@I [HLS-100] Command 'set_part' returned 0; elapsed 0.136Total elapsed time: 0.981 sec.
@I [HLS-100] Command "get_default_platform "
@I [HLS-100] Command 'get_default_platform' returned 0; elapsed 0Total elapsed time: 0.981 sec.
@I [HLS-100] Command "config_chip_info -quiet -resource  {SLICE 13300}  {LUT 53200}     {FF 106400} {DSP48E 220}   {BRAM 280}  "
@I [HLS-100] Command 'config_chip_info' returned 0; elapsed 0Total elapsed time: 0.981 sec.
@I [HLS-100] Command "config_chip_info -quiet -speed slow "
@I [HLS-100] Command 'config_chip_info' returned 0; elapsed 0Total elapsed time: 0.981 sec.
@I [HLS-100] Command 'open_solution' returned 0; elapsed 0.359Total elapsed time: 0.982 sec.
@I [HLS-100] Command "export_design -format ipxact -version 2.00.a -use_netlist none "
@W [IMPL-205] Ignored option '-use_netlist' which is only valid for pcore.
@I [HLS-100] Command "source C:/Users/gabil/Documents/inf3610_tp4/implementation2/hls/matrix_mul/matrix_mul/solution1/.autopilot/db/global.setting.tcl "
@I [HLS-100] Command 'ap_source' returned 0; elapsed 0.001Total elapsed time: 1.13 sec.
@I [HLS-100] Command "source C:/Logiciels/Xilinx/Vivado_HLS/2012.4/common/technology/generic/autopilot/common.gen "
@I [HLS-100] Command "source C:/Logiciels/Xilinx/Vivado_HLS/2012.4/common/technology/generic/autopilot/APCoreGen.gen "
@I [HLS-100] Command 'ap_source' returned 0; elapsed 0.002Total elapsed time: 1.20 sec.
@I [HLS-100] Command 'ap_source' returned 0; elapsed 0.003Total elapsed time: 1.20 sec.
@I [HLS-100] Command "source C:/Logiciels/Xilinx/Vivado_HLS/2012.4/common/technology/generic/autopilot/op.gen "
@I [HLS-100] Command 'ap_source' returned 0; elapsed 0.043Total elapsed time: 1.64 sec.
@I [HLS-100] Command "source C:/Logiciels/Xilinx/Vivado_HLS/2012.4/common/technology/generic/autopilot/op_simcore.gen "
@I [HLS-100] Command 'ap_source' returned 0; elapsed 0.002Total elapsed time: 1.66 sec.
@I [HLS-100] Command "source C:/Logiciels/Xilinx/Vivado_HLS/2012.4/common/technology/generic/autopilot/interface.gen "
@I [HLS-100] Command 'ap_source' returned 0; elapsed 0.001Total elapsed time: 1.67 sec.
@I [HLS-100] Command "source C:/Users/gabil/Documents/inf3610_tp4/implementation2/hls/matrix_mul/matrix_mul/solution1/.autopilot/db/global.setting.tcl "
@I [HLS-100] Command 'ap_source' returned 0; elapsed 0.001Total elapsed time: 1.68 sec.
@I [HLS-100] Command "source C:/Logiciels/Xilinx/Vivado_HLS/2012.4/common/technology/xilinx/zynq/zynq.gen "
@I [HLS-100] Command "source C:/Logiciels/Xilinx/Vivado_HLS/2012.4/common/technology/xilinx/common/virtex.gen "
@I [HLS-100] Command "source C:/Logiciels/Xilinx/Vivado_HLS/2012.4/common/technology/xilinx/common/xilinx.gen "
@I [HLS-100] Command "source C:/Logiciels/Xilinx/Vivado_HLS/2012.4/common/technology/xilinx/interface/plb46.gen "
@I [HLS-100] Command 'ap_source' returned 0; elapsed 0.001Total elapsed time: 1.71 sec.
@I [HLS-100] Command "source C:/Logiciels/Xilinx/Vivado_HLS/2012.4/common/technology/xilinx/interface/fsl.gen "
@I [HLS-100] Command 'ap_source' returned 0; elapsed 0.001Total elapsed time: 1.72 sec.
@I [HLS-100] Command "source C:/Logiciels/Xilinx/Vivado_HLS/2012.4/common/technology/xilinx/interface/axi4.gen "
@I [HLS-100] Command 'ap_source' returned 0; elapsed 0.002Total elapsed time: 1.74 sec.
@I [HLS-100] Command "source C:/Logiciels/Xilinx/Vivado_HLS/2012.4/common/technology/xilinx/scripts/xilinxcoregen.gen "
@I [HLS-100] Command 'ap_source' returned 0; elapsed 0.009Total elapsed time: 1.83 sec.
@I [HLS-100] Command "source C:/Logiciels/Xilinx/Vivado_HLS/2012.4/common/technology/xilinx/interface/XilEDKCoreGen.gen "
@I [HLS-100] Command 'ap_source' returned 0; elapsed 0.011Total elapsed time: 1.94 sec.
@I [HLS-100] Command 'ap_source' returned 0; elapsed 0.025Total elapsed time: 1.94 sec.
@I [HLS-100] Command "source C:/Logiciels/Xilinx/Vivado_HLS/2012.4/common/technology/xilinx/common/dsp48.gen "
@I [HLS-100] Command 'ap_source' returned 0; elapsed 0Total elapsed time: 1.96 sec.
@I [HLS-100] Command 'ap_source' returned 0; elapsed 0.027Total elapsed time: 1.96 sec.
@I [HLS-100] Command 'ap_source' returned 0; elapsed 0.027Total elapsed time: 1.96 sec.
@I [HLS-100] Command "source C:/Logiciels/Xilinx/Vivado_HLS/2012.4/common/technology/xilinx/zynq/zynq_fpv6.gen "
@I [HLS-100] Command "source C:/Logiciels/Xilinx/Vivado_HLS/2012.4/common/technology/xilinx/common/xilinx_fpv6.gen "
@I [HLS-100] Command 'ap_source' returned 0; elapsed 0.002Total elapsed time: 1.99 sec.
@I [HLS-100] Command 'ap_source' returned 0; elapsed 0.002Total elapsed time: 1.99 sec.
@I [HLS-100] Command "source C:/Users/gabil/Documents/inf3610_tp4/implementation2/hls/matrix_mul/matrix_mul/solution1/.autopilot/db/global.setting.tcl "
@I [HLS-100] Command 'ap_source' returned 0; elapsed 0.001Total elapsed time: 1.100 sec.
@I [IMPL-8] Exporting RTL as an IP in IP-XACT.
@I [HLS-100] Command "source C:/Users/gabil/Documents/inf3610_tp4/implementation2/hls/matrix_mul/matrix_mul/solution1/.autopilot/db/global.setting.tcl "
@I [HLS-100] Command 'ap_source' returned 0; elapsed 0.001Total elapsed time: 1.108 sec.
@I [HLS-100] Command "source C:/Logiciels/Xilinx/Vivado_HLS/2012.4/common/technology/generic/autopilot/common.gen "
@I [HLS-100] Command "source C:/Logiciels/Xilinx/Vivado_HLS/2012.4/common/technology/generic/autopilot/APCoreGen.gen "
@I [HLS-100] Command 'ap_source' returned 0; elapsed 0.002Total elapsed time: 1.112 sec.
@I [HLS-100] Command 'ap_source' returned 0; elapsed 0.003Total elapsed time: 1.112 sec.
@I [HLS-100] Command "source C:/Logiciels/Xilinx/Vivado_HLS/2012.4/common/technology/generic/autopilot/op.gen "
@I [HLS-100] Command 'ap_source' returned 0; elapsed 0.128Total elapsed time: 1.240 sec.
@I [HLS-100] Command "source C:/Logiciels/Xilinx/Vivado_HLS/2012.4/common/technology/generic/autopilot/op_simcore.gen "
@I [HLS-100] Command 'ap_source' returned 0; elapsed 0.002Total elapsed time: 1.242 sec.
@I [HLS-100] Command "source C:/Logiciels/Xilinx/Vivado_HLS/2012.4/common/technology/generic/autopilot/interface.gen "
@I [HLS-100] Command 'ap_source' returned 0; elapsed 0.002Total elapsed time: 1.244 sec.
@I [HLS-100] Command "source C:/Users/gabil/Documents/inf3610_tp4/implementation2/hls/matrix_mul/matrix_mul/solution1/.autopilot/db/global.setting.tcl "
@I [HLS-100] Command 'ap_source' returned 0; elapsed 0.001Total elapsed time: 1.245 sec.
@I [HLS-100] Command "source C:/Logiciels/Xilinx/Vivado_HLS/2012.4/common/technology/xilinx/zynq/zynq.gen "
@I [HLS-100] Command "source C:/Logiciels/Xilinx/Vivado_HLS/2012.4/common/technology/xilinx/common/virtex.gen "
@I [HLS-100] Command "source C:/Logiciels/Xilinx/Vivado_HLS/2012.4/common/technology/xilinx/common/xilinx.gen "
@I [HLS-100] Command "source C:/Logiciels/Xilinx/Vivado_HLS/2012.4/common/technology/xilinx/interface/plb46.gen "
@I [HLS-100] Command 'ap_source' returned 0; elapsed 0.001Total elapsed time: 1.248 sec.
@I [HLS-100] Command "source C:/Logiciels/Xilinx/Vivado_HLS/2012.4/common/technology/xilinx/interface/fsl.gen "
@I [HLS-100] Command 'ap_source' returned 0; elapsed 0.001Total elapsed time: 1.249 sec.
@I [HLS-100] Command "source C:/Logiciels/Xilinx/Vivado_HLS/2012.4/common/technology/xilinx/interface/axi4.gen "
@I [HLS-100] Command 'ap_source' returned 0; elapsed 0.003Total elapsed time: 1.252 sec.
@I [HLS-100] Command "source C:/Logiciels/Xilinx/Vivado_HLS/2012.4/common/technology/xilinx/scripts/xilinxcoregen.gen "
@I [HLS-100] Command 'ap_source' returned 0; elapsed 0.01Total elapsed time: 1.262 sec.
@I [HLS-100] Command "source C:/Logiciels/Xilinx/Vivado_HLS/2012.4/common/technology/xilinx/interface/XilEDKCoreGen.gen "
@I [HLS-100] Command 'ap_source' returned 0; elapsed 0.012Total elapsed time: 1.274 sec.
@I [HLS-100] Command 'ap_source' returned 0; elapsed 0.028Total elapsed time: 1.274 sec.
@I [HLS-100] Command "source C:/Logiciels/Xilinx/Vivado_HLS/2012.4/common/technology/xilinx/common/dsp48.gen "
@I [HLS-100] Command 'ap_source' returned 0; elapsed 0Total elapsed time: 1.276 sec.
@I [HLS-100] Command 'ap_source' returned 0; elapsed 0.03Total elapsed time: 1.276 sec.
@I [HLS-100] Command 'ap_source' returned 0; elapsed 0.03Total elapsed time: 1.276 sec.
@I [HLS-100] Command "source C:/Logiciels/Xilinx/Vivado_HLS/2012.4/common/technology/xilinx/zynq/zynq_fpv6.gen "
@I [HLS-100] Command "source C:/Logiciels/Xilinx/Vivado_HLS/2012.4/common/technology/xilinx/common/xilinx_fpv6.gen "
@I [HLS-100] Command 'ap_source' returned 0; elapsed 0.002Total elapsed time: 1.279 sec.
@I [HLS-100] Command 'ap_source' returned 0; elapsed 0.002Total elapsed time: 1.279 sec.
@I [HLS-100] Command "source C:/Users/gabil/Documents/inf3610_tp4/implementation2/hls/matrix_mul/matrix_mul/solution1/.autopilot/db/matrix_mul_thread.compgen.tcl "
@I [IMPL-282] Generating Xilinx core: 'matrix_mul_mul_32s_32s_32_6_MulnS_0'
@I [HLS-100] Command 'ap_source' returned 0; elapsed 0.032Total elapsed time: 1.314 sec.
@I [HLS-100] Command "source C:/Users/gabil/Documents/inf3610_tp4/implementation2/hls/matrix_mul/matrix_mul/solution1/.autopilot/db/matrix_mul.compgen.tcl "
@I [IMPL-278] Implementing memory 'matrix_mul_m_result_ram' as block RAMs.
@I [IMPL-278] Implementing memory 'matrix_mul_m_operand1_ram' as block RAMs.
@I [HLS-100] Command 'ap_source' returned 0; elapsed 0.056Total elapsed time: 1.370 sec.
@I [HLS-100] Command "source C:/Users/gabil/Documents/inf3610_tp4/implementation2/hls/matrix_mul/matrix_mul/solution1/.autopilot/db/matrix_mul_thread.compgen.tcl "
@I [HLS-100] Command 'ap_source' returned 0; elapsed 0.001Total elapsed time: 1.491 sec.
@I [HLS-100] Command "source C:/Users/gabil/Documents/inf3610_tp4/implementation2/hls/matrix_mul/matrix_mul/solution1/.autopilot/db/matrix_mul.compgen.tcl "
@I [HLS-100] Command 'ap_source' returned 0; elapsed 0.056Total elapsed time: 1.548 sec.
@I [HLS-100] Command "source C:/Users/gabil/Documents/inf3610_tp4/implementation2/hls/matrix_mul/matrix_mul/solution1/.autopilot/db/matrix_mul_thread.compgen.tcl "
@I [HLS-100] Command 'ap_source' returned 0; elapsed 0.024Total elapsed time: 1.605 sec.
@I [HLS-100] Command "source C:/Users/gabil/Documents/inf3610_tp4/implementation2/hls/matrix_mul/matrix_mul/solution1/.autopilot/db/matrix_mul.compgen.tcl "
@I [HLS-100] Command 'ap_source' returned 0; elapsed 0.033Total elapsed time: 1.638 sec.
@I [HLS-100] Command "source C:/Users/gabil/Documents/inf3610_tp4/implementation2/hls/matrix_mul/matrix_mul/solution1/.autopilot/db/global.setting.tcl "
@I [HLS-100] Command 'ap_source' returned 0; elapsed 0.002Total elapsed time: 2.44 sec.
@I [HLS-100] Command "source C:/Users/gabil/Documents/inf3610_tp4/implementation2/hls/matrix_mul/matrix_mul/solution1/.autopilot/db/matrix_mul.constraint.tcl "
@I [HLS-100] Command 'ap_source' returned 0; elapsed 0.001Total elapsed time: 2.55 sec.
@I [HLS-100] Command "source C:/Users/gabil/Documents/inf3610_tp4/implementation2/hls/matrix_mul/matrix_mul/solution1/.autopilot/db/global.setting.tcl "
@I [HLS-100] Command 'ap_source' returned 0; elapsed 0.001Total elapsed time: 2.137 sec.
@I [HLS-100] Command "source C:/Users/gabil/Documents/inf3610_tp4/implementation2/hls/matrix_mul/matrix_mul/solution1/.autopilot/db/global.setting.tcl "
@I [HLS-100] Command 'ap_source' returned 0; elapsed 0.001Total elapsed time: 2.163 sec.
@I [HLS-100] Command "source C:/Users/gabil/Documents/inf3610_tp4/implementation2/hls/matrix_mul/matrix_mul/solution1/.autopilot/db/matrix_mul.constraint.tcl "
@I [HLS-100] Command 'ap_source' returned 0; elapsed 0.001Total elapsed time: 2.167 sec.
@I [HLS-100] Command "source C:/Users/gabil/Documents/inf3610_tp4/implementation2/hls/matrix_mul/matrix_mul/solution1/.autopilot/db/matrix_mul.constraint.tcl "
@I [HLS-100] Command 'ap_source' returned 0; elapsed 0.001Total elapsed time: 2.169 sec.
@I [HLS-100] Command "source C:/Logiciels/Xilinx/Vivado_HLS/2012.4/common/technology/generic/autopilot/common.gen "
@I [HLS-100] Command "source C:/Logiciels/Xilinx/Vivado_HLS/2012.4/common/technology/generic/autopilot/APCoreGen.gen "
@I [HLS-100] Command 'ap_source' returned 0; elapsed 0.002Total elapsed time: 2.194 sec.
@I [HLS-100] Command 'ap_source' returned 0; elapsed 0.002Total elapsed time: 2.194 sec.
@I [HLS-100] Command "source C:/Logiciels/Xilinx/Vivado_HLS/2012.4/common/technology/generic/autopilot/op.gen "
@I [HLS-100] Command 'ap_source' returned 0; elapsed 0.001Total elapsed time: 2.195 sec.
@I [HLS-100] Command "source C:/Logiciels/Xilinx/Vivado_HLS/2012.4/common/technology/generic/autopilot/op_simcore.gen "
@I [HLS-100] Command 'ap_source' returned 0; elapsed 0.001Total elapsed time: 2.197 sec.
@I [HLS-100] Command "source C:/Logiciels/Xilinx/Vivado_HLS/2012.4/common/technology/generic/autopilot/interface.gen "
@I [HLS-100] Command 'ap_source' returned 0; elapsed 0.001Total elapsed time: 2.198 sec.
@I [HLS-100] Command "source C:/Users/gabil/Documents/inf3610_tp4/implementation2/hls/matrix_mul/matrix_mul/solution1/.autopilot/db/global.setting.tcl "
@I [HLS-100] Command 'ap_source' returned 0; elapsed 0.001Total elapsed time: 2.199 sec.
@I [HLS-100] Command "source C:/Logiciels/Xilinx/Vivado_HLS/2012.4/common/technology/xilinx/zynq/zynq.gen "
@I [HLS-100] Command "source C:/Logiciels/Xilinx/Vivado_HLS/2012.4/common/technology/xilinx/common/virtex.gen "
@I [HLS-100] Command "source C:/Logiciels/Xilinx/Vivado_HLS/2012.4/common/technology/xilinx/common/xilinx.gen "
@I [HLS-100] Command "source C:/Logiciels/Xilinx/Vivado_HLS/2012.4/common/technology/xilinx/interface/plb46.gen "
@I [HLS-100] Command 'ap_source' returned 0; elapsed 0.001Total elapsed time: 2.201 sec.
@I [HLS-100] Command "source C:/Logiciels/Xilinx/Vivado_HLS/2012.4/common/technology/xilinx/interface/fsl.gen "
@I [HLS-100] Command 'ap_source' returned 0; elapsed 0.001Total elapsed time: 2.202 sec.
@I [HLS-100] Command "source C:/Logiciels/Xilinx/Vivado_HLS/2012.4/common/technology/xilinx/interface/axi4.gen "
@I [HLS-100] Command 'ap_source' returned 0; elapsed 0.002Total elapsed time: 2.204 sec.
@I [HLS-100] Command "source C:/Logiciels/Xilinx/Vivado_HLS/2012.4/common/technology/xilinx/scripts/xilinxcoregen.gen "
@I [HLS-100] Command 'ap_source' returned 0; elapsed 0.007Total elapsed time: 2.211 sec.
@I [HLS-100] Command "source C:/Logiciels/Xilinx/Vivado_HLS/2012.4/common/technology/xilinx/interface/XilEDKCoreGen.gen "
@I [HLS-100] Command 'ap_source' returned 0; elapsed 0.009Total elapsed time: 2.220 sec.
@I [HLS-100] Command 'ap_source' returned 0; elapsed 0.02Total elapsed time: 2.220 sec.
@I [HLS-100] Command "source C:/Logiciels/Xilinx/Vivado_HLS/2012.4/common/technology/xilinx/common/dsp48.gen "
@I [HLS-100] Command 'ap_source' returned 0; elapsed 0Total elapsed time: 2.221 sec.
@I [HLS-100] Command 'ap_source' returned 0; elapsed 0.021Total elapsed time: 2.221 sec.
@I [HLS-100] Command 'ap_source' returned 0; elapsed 0.022Total elapsed time: 2.221 sec.
@I [HLS-100] Command "source C:/Logiciels/Xilinx/Vivado_HLS/2012.4/common/technology/xilinx/zynq/zynq_fpv6.gen "
@I [HLS-100] Command "source C:/Logiciels/Xilinx/Vivado_HLS/2012.4/common/technology/xilinx/common/xilinx_fpv6.gen "
@I [HLS-100] Command 'ap_source' returned 0; elapsed 0.001Total elapsed time: 2.223 sec.
@I [HLS-100] Command 'ap_source' returned 0; elapsed 0.002Total elapsed time: 2.223 sec.
@I [HLS-100] Command "source C:/Users/gabil/Documents/inf3610_tp4/implementation2/hls/matrix_mul/matrix_mul/solution1/.autopilot/db/global.setting.tcl "
@I [HLS-100] Command 'ap_source' returned 0; elapsed 0.001Total elapsed time: 5.942 sec.
@I [HLS-100] Command "source C:/Logiciels/Xilinx/Vivado_HLS/2012.4/common/technology/generic/autopilot/common.gen "
@I [HLS-100] Command "source C:/Logiciels/Xilinx/Vivado_HLS/2012.4/common/technology/generic/autopilot/APCoreGen.gen "
@I [HLS-100] Command 'ap_source' returned 0; elapsed 0.001Total elapsed time: 5.947 sec.
@I [HLS-100] Command 'ap_source' returned 0; elapsed 0.002Total elapsed time: 5.947 sec.
@I [HLS-100] Command "source C:/Logiciels/Xilinx/Vivado_HLS/2012.4/common/technology/generic/autopilot/op.gen "
@I [HLS-100] Command 'ap_source' returned 0; elapsed 0Total elapsed time: 5.948 sec.
@I [HLS-100] Command "source C:/Logiciels/Xilinx/Vivado_HLS/2012.4/common/technology/generic/autopilot/op_simcore.gen "
@I [HLS-100] Command 'ap_source' returned 0; elapsed 0.001Total elapsed time: 5.950 sec.
@I [HLS-100] Command "source C:/Logiciels/Xilinx/Vivado_HLS/2012.4/common/technology/generic/autopilot/interface.gen "
@I [HLS-100] Command 'ap_source' returned 0; elapsed 0.001Total elapsed time: 5.951 sec.
@I [HLS-100] Command "source C:/Users/gabil/Documents/inf3610_tp4/implementation2/hls/matrix_mul/matrix_mul/solution1/.autopilot/db/global.setting.tcl "
@I [HLS-100] Command 'ap_source' returned 0; elapsed 0.001Total elapsed time: 5.952 sec.
@I [HLS-100] Command "source C:/Logiciels/Xilinx/Vivado_HLS/2012.4/common/technology/xilinx/zynq/zynq.gen "
@I [HLS-100] Command "source C:/Logiciels/Xilinx/Vivado_HLS/2012.4/common/technology/xilinx/common/virtex.gen "
@I [HLS-100] Command "source C:/Logiciels/Xilinx/Vivado_HLS/2012.4/common/technology/xilinx/common/xilinx.gen "
@I [HLS-100] Command "source C:/Logiciels/Xilinx/Vivado_HLS/2012.4/common/technology/xilinx/interface/plb46.gen "
@I [HLS-100] Command 'ap_source' returned 0; elapsed 0.001Total elapsed time: 5.954 sec.
@I [HLS-100] Command "source C:/Logiciels/Xilinx/Vivado_HLS/2012.4/common/technology/xilinx/interface/fsl.gen "
@I [HLS-100] Command 'ap_source' returned 0; elapsed 0Total elapsed time: 5.954 sec.
@I [HLS-100] Command "source C:/Logiciels/Xilinx/Vivado_HLS/2012.4/common/technology/xilinx/interface/axi4.gen "
@I [HLS-100] Command 'ap_source' returned 0; elapsed 0.002Total elapsed time: 5.956 sec.
@I [HLS-100] Command "source C:/Logiciels/Xilinx/Vivado_HLS/2012.4/common/technology/xilinx/scripts/xilinxcoregen.gen "
@I [HLS-100] Command 'ap_source' returned 0; elapsed 0.007Total elapsed time: 5.963 sec.
@I [HLS-100] Command "source C:/Logiciels/Xilinx/Vivado_HLS/2012.4/common/technology/xilinx/interface/XilEDKCoreGen.gen "
@I [HLS-100] Command 'ap_source' returned 0; elapsed 0.008Total elapsed time: 5.971 sec.
@I [HLS-100] Command 'ap_source' returned 0; elapsed 0.019Total elapsed time: 5.971 sec.
@I [HLS-100] Command "source C:/Logiciels/Xilinx/Vivado_HLS/2012.4/common/technology/xilinx/common/dsp48.gen "
@I [HLS-100] Command 'ap_source' returned 0; elapsed 0Total elapsed time: 5.972 sec.
@I [HLS-100] Command 'ap_source' returned 0; elapsed 0.02Total elapsed time: 5.972 sec.
@I [HLS-100] Command 'ap_source' returned 0; elapsed 0.02Total elapsed time: 5.972 sec.
@I [HLS-100] Command "source C:/Logiciels/Xilinx/Vivado_HLS/2012.4/common/technology/xilinx/zynq/zynq_fpv6.gen "
@I [HLS-100] Command "source C:/Logiciels/Xilinx/Vivado_HLS/2012.4/common/technology/xilinx/common/xilinx_fpv6.gen "
@I [HLS-100] Command 'ap_source' returned 0; elapsed 0.001Total elapsed time: 5.974 sec.
@I [HLS-100] Command 'ap_source' returned 0; elapsed 0.002Total elapsed time: 5.974 sec.
@I [HLS-100] Command "source C:/Users/gabil/Documents/inf3610_tp4/implementation2/hls/matrix_mul/matrix_mul/solution1/.autopilot/db/global.setting.tcl "
@I [HLS-100] Command 'ap_source' returned 0; elapsed 0.001Total elapsed time: 6.15 sec.
@I [HLS-100] Command "source C:/Users/gabil/Documents/inf3610_tp4/implementation2/hls/matrix_mul/matrix_mul/solution1/.autopilot/db/global.setting.tcl "
@I [HLS-100] Command 'ap_source' returned 0; elapsed 0.001Total elapsed time: 6.20 sec.
@I [HLS-100] Command "source C:/Logiciels/Xilinx/Vivado_HLS/2012.4/common/technology/generic/autopilot/common.gen "
@I [HLS-100] Command "source C:/Logiciels/Xilinx/Vivado_HLS/2012.4/common/technology/generic/autopilot/APCoreGen.gen "
@I [HLS-100] Command 'ap_source' returned 0; elapsed 0.002Total elapsed time: 6.24 sec.
@I [HLS-100] Command 'ap_source' returned 0; elapsed 0.003Total elapsed time: 6.24 sec.
@I [HLS-100] Command "source C:/Logiciels/Xilinx/Vivado_HLS/2012.4/common/technology/generic/autopilot/op.gen "
@I [HLS-100] Command 'ap_source' returned 0; elapsed 0.001Total elapsed time: 6.26 sec.
@I [HLS-100] Command "source C:/Logiciels/Xilinx/Vivado_HLS/2012.4/common/technology/generic/autopilot/op_simcore.gen "
@I [HLS-100] Command 'ap_source' returned 0; elapsed 0.001Total elapsed time: 6.27 sec.
@I [HLS-100] Command "source C:/Logiciels/Xilinx/Vivado_HLS/2012.4/common/technology/generic/autopilot/interface.gen "
@I [HLS-100] Command 'ap_source' returned 0; elapsed 0.001Total elapsed time: 6.28 sec.
@I [HLS-100] Command "source C:/Users/gabil/Documents/inf3610_tp4/implementation2/hls/matrix_mul/matrix_mul/solution1/.autopilot/db/global.setting.tcl "
@I [HLS-100] Command 'ap_source' returned 0; elapsed 0.001Total elapsed time: 6.29 sec.
@I [HLS-100] Command "source C:/Logiciels/Xilinx/Vivado_HLS/2012.4/common/technology/xilinx/zynq/zynq.gen "
@I [HLS-100] Command "source C:/Logiciels/Xilinx/Vivado_HLS/2012.4/common/technology/xilinx/common/virtex.gen "
@I [HLS-100] Command "source C:/Logiciels/Xilinx/Vivado_HLS/2012.4/common/technology/xilinx/common/xilinx.gen "
@I [HLS-100] Command "source C:/Logiciels/Xilinx/Vivado_HLS/2012.4/common/technology/xilinx/interface/plb46.gen "
@I [HLS-100] Command 'ap_source' returned 0; elapsed 0.001Total elapsed time: 6.31 sec.
@I [HLS-100] Command "source C:/Logiciels/Xilinx/Vivado_HLS/2012.4/common/technology/xilinx/interface/fsl.gen "
@I [HLS-100] Command 'ap_source' returned 0; elapsed 0.001Total elapsed time: 6.32 sec.
@I [HLS-100] Command "source C:/Logiciels/Xilinx/Vivado_HLS/2012.4/common/technology/xilinx/interface/axi4.gen "
@I [HLS-100] Command 'ap_source' returned 0; elapsed 0.001Total elapsed time: 6.33 sec.
@I [HLS-100] Command "source C:/Logiciels/Xilinx/Vivado_HLS/2012.4/common/technology/xilinx/scripts/xilinxcoregen.gen "
@I [HLS-100] Command 'ap_source' returned 0; elapsed 0.007Total elapsed time: 6.40 sec.
@I [HLS-100] Command "source C:/Logiciels/Xilinx/Vivado_HLS/2012.4/common/technology/xilinx/interface/XilEDKCoreGen.gen "
@I [HLS-100] Command 'ap_source' returned 0; elapsed 0.009Total elapsed time: 6.49 sec.
@I [HLS-100] Command 'ap_source' returned 0; elapsed 0.019Total elapsed time: 6.49 sec.
@I [HLS-100] Command "source C:/Logiciels/Xilinx/Vivado_HLS/2012.4/common/technology/xilinx/common/dsp48.gen "
@I [HLS-100] Command 'ap_source' returned 0; elapsed 0Total elapsed time: 6.50 sec.
@I [HLS-100] Command 'ap_source' returned 0; elapsed 0.02Total elapsed time: 6.50 sec.
@I [HLS-100] Command 'ap_source' returned 0; elapsed 0.021Total elapsed time: 6.50 sec.
@I [HLS-100] Command "source C:/Logiciels/Xilinx/Vivado_HLS/2012.4/common/technology/xilinx/zynq/zynq_fpv6.gen "
@I [HLS-100] Command "source C:/Logiciels/Xilinx/Vivado_HLS/2012.4/common/technology/xilinx/common/xilinx_fpv6.gen "
@I [HLS-100] Command 'ap_source' returned 0; elapsed 0.001Total elapsed time: 6.52 sec.
@I [HLS-100] Command 'ap_source' returned 0; elapsed 0.002Total elapsed time: 6.52 sec.
@I [HLS-100] Command "source C:/Users/gabil/Documents/inf3610_tp4/implementation2/hls/matrix_mul/matrix_mul/solution1/.autopilot/db/matrix_mul_thread.compgen.tcl "
@I [HLS-100] Command 'ap_source' returned 0; elapsed 0.019Total elapsed time: 6.92 sec.
@I [HLS-100] Command "source C:/Users/gabil/Documents/inf3610_tp4/implementation2/hls/matrix_mul/matrix_mul/solution1/.autopilot/db/matrix_mul.compgen.tcl "
@I [HLS-100] Command 'ap_source' returned 0; elapsed 0.037Total elapsed time: 6.129 sec.
@I [HLS-100] Command "source C:/Users/gabil/Documents/inf3610_tp4/implementation2/hls/matrix_mul/matrix_mul/solution1/.autopilot/db/global.setting.tcl "
@I [HLS-100] Command 'ap_source' returned 0; elapsed 0.001Total elapsed time: 6.263 sec.
@I [HLS-100] Command "source C:/Users/gabil/Documents/inf3610_tp4/implementation2/hls/matrix_mul/matrix_mul/solution1/.autopilot/db/matrix_mul.constraint.tcl "
@I [HLS-100] Command 'ap_source' returned 0; elapsed 0.001Total elapsed time: 6.267 sec.
@I [HLS-100] Command "source C:/Logiciels/Xilinx/Vivado_HLS/2012.4/common/technology/generic/autopilot/common.gen "
@I [HLS-100] Command "source C:/Logiciels/Xilinx/Vivado_HLS/2012.4/common/technology/generic/autopilot/APCoreGen.gen "
@I [HLS-100] Command 'ap_source' returned 0; elapsed 0.001Total elapsed time: 6.279 sec.
@I [HLS-100] Command 'ap_source' returned 0; elapsed 0.002Total elapsed time: 6.279 sec.
@I [HLS-100] Command "source C:/Logiciels/Xilinx/Vivado_HLS/2012.4/common/technology/generic/autopilot/op.gen "
@I [HLS-100] Command 'ap_source' returned 0; elapsed 0.002Total elapsed time: 6.281 sec.
@I [HLS-100] Command "source C:/Logiciels/Xilinx/Vivado_HLS/2012.4/common/technology/generic/autopilot/op_simcore.gen "
@I [HLS-100] Command 'ap_source' returned 0; elapsed 0.001Total elapsed time: 6.282 sec.
@I [HLS-100] Command "source C:/Logiciels/Xilinx/Vivado_HLS/2012.4/common/technology/generic/autopilot/interface.gen "
@I [HLS-100] Command 'ap_source' returned 0; elapsed 0.001Total elapsed time: 6.283 sec.
@I [HLS-100] Command "source C:/Users/gabil/Documents/inf3610_tp4/implementation2/hls/matrix_mul/matrix_mul/solution1/.autopilot/db/global.setting.tcl "
@I [HLS-100] Command 'ap_source' returned 0; elapsed 0.001Total elapsed time: 6.284 sec.
@I [HLS-100] Command "source C:/Logiciels/Xilinx/Vivado_HLS/2012.4/common/technology/xilinx/zynq/zynq.gen "
@I [HLS-100] Command "source C:/Logiciels/Xilinx/Vivado_HLS/2012.4/common/technology/xilinx/common/virtex.gen "
@I [HLS-100] Command "source C:/Logiciels/Xilinx/Vivado_HLS/2012.4/common/technology/xilinx/common/xilinx.gen "
@I [HLS-100] Command "source C:/Logiciels/Xilinx/Vivado_HLS/2012.4/common/technology/xilinx/interface/plb46.gen "
@I [HLS-100] Command 'ap_source' returned 0; elapsed 0.001Total elapsed time: 6.286 sec.
@I [HLS-100] Command "source C:/Logiciels/Xilinx/Vivado_HLS/2012.4/common/technology/xilinx/interface/fsl.gen "
@I [HLS-100] Command 'ap_source' returned 0; elapsed 0.001Total elapsed time: 6.287 sec.
@I [HLS-100] Command "source C:/Logiciels/Xilinx/Vivado_HLS/2012.4/common/technology/xilinx/interface/axi4.gen "
@I [HLS-100] Command 'ap_source' returned 0; elapsed 0.001Total elapsed time: 6.288 sec.
@I [HLS-100] Command "source C:/Logiciels/Xilinx/Vivado_HLS/2012.4/common/technology/xilinx/scripts/xilinxcoregen.gen "
@I [HLS-100] Command 'ap_source' returned 0; elapsed 0.006Total elapsed time: 6.295 sec.
@I [HLS-100] Command "source C:/Logiciels/Xilinx/Vivado_HLS/2012.4/common/technology/xilinx/interface/XilEDKCoreGen.gen "
@I [HLS-100] Command 'ap_source' returned 0; elapsed 0.007Total elapsed time: 6.303 sec.
@I [HLS-100] Command 'ap_source' returned 0; elapsed 0.018Total elapsed time: 6.303 sec.
@I [HLS-100] Command "source C:/Logiciels/Xilinx/Vivado_HLS/2012.4/common/technology/xilinx/common/dsp48.gen "
@I [HLS-100] Command 'ap_source' returned 0; elapsed 0.001Total elapsed time: 6.305 sec.
@I [HLS-100] Command 'ap_source' returned 0; elapsed 0.021Total elapsed time: 6.305 sec.
@I [HLS-100] Command 'ap_source' returned 0; elapsed 0.021Total elapsed time: 6.305 sec.
@I [HLS-100] Command "source C:/Logiciels/Xilinx/Vivado_HLS/2012.4/common/technology/xilinx/zynq/zynq_fpv6.gen "
@I [HLS-100] Command "source C:/Logiciels/Xilinx/Vivado_HLS/2012.4/common/technology/xilinx/common/xilinx_fpv6.gen "
@I [HLS-100] Command 'ap_source' returned 0; elapsed 0.001Total elapsed time: 6.306 sec.
@I [HLS-100] Command 'ap_source' returned 0; elapsed 0.001Total elapsed time: 6.306 sec.
@I [HLS-100] Command "source C:/Users/gabil/Documents/inf3610_tp4/implementation2/hls/matrix_mul/matrix_mul/solution1/.autopilot/db/global.setting.tcl "
@I [HLS-100] Command 'ap_source' returned 0; elapsed 0.001Total elapsed time: 6.434 sec.
@I [HLS-100] Command "source C:/Logiciels/Xilinx/Vivado_HLS/2012.4/common/technology/generic/autopilot/common.gen "
@I [HLS-100] Command "source C:/Logiciels/Xilinx/Vivado_HLS/2012.4/common/technology/generic/autopilot/APCoreGen.gen "
@I [HLS-100] Command 'ap_source' returned 0; elapsed 0.001Total elapsed time: 6.440 sec.
@I [HLS-100] Command 'ap_source' returned 0; elapsed 0.003Total elapsed time: 6.441 sec.
@I [HLS-100] Command "source C:/Logiciels/Xilinx/Vivado_HLS/2012.4/common/technology/generic/autopilot/op.gen "
@I [HLS-100] Command 'ap_source' returned 0; elapsed 0.001Total elapsed time: 6.442 sec.
@I [HLS-100] Command "source C:/Logiciels/Xilinx/Vivado_HLS/2012.4/common/technology/generic/autopilot/op_simcore.gen "
@I [HLS-100] Command 'ap_source' returned 0; elapsed 0.001Total elapsed time: 6.444 sec.
@I [HLS-100] Command "source C:/Logiciels/Xilinx/Vivado_HLS/2012.4/common/technology/generic/autopilot/interface.gen "
@I [HLS-100] Command 'ap_source' returned 0; elapsed 0.002Total elapsed time: 6.446 sec.
@I [HLS-100] Command "source C:/Users/gabil/Documents/inf3610_tp4/implementation2/hls/matrix_mul/matrix_mul/solution1/.autopilot/db/global.setting.tcl "
@I [HLS-100] Command 'ap_source' returned 0; elapsed 0.001Total elapsed time: 6.447 sec.
@I [HLS-100] Command "source C:/Logiciels/Xilinx/Vivado_HLS/2012.4/common/technology/xilinx/zynq/zynq.gen "
@I [HLS-100] Command "source C:/Logiciels/Xilinx/Vivado_HLS/2012.4/common/technology/xilinx/common/virtex.gen "
@I [HLS-100] Command "source C:/Logiciels/Xilinx/Vivado_HLS/2012.4/common/technology/xilinx/common/xilinx.gen "
@I [HLS-100] Command "source C:/Logiciels/Xilinx/Vivado_HLS/2012.4/common/technology/xilinx/interface/plb46.gen "
@I [HLS-100] Command 'ap_source' returned 0; elapsed 0.001Total elapsed time: 6.449 sec.
@I [HLS-100] Command "source C:/Logiciels/Xilinx/Vivado_HLS/2012.4/common/technology/xilinx/interface/fsl.gen "
@I [HLS-100] Command 'ap_source' returned 0; elapsed 0.001Total elapsed time: 6.450 sec.
@I [HLS-100] Command "source C:/Logiciels/Xilinx/Vivado_HLS/2012.4/common/technology/xilinx/interface/axi4.gen "
@I [HLS-100] Command 'ap_source' returned 0; elapsed 0.002Total elapsed time: 6.452 sec.
@I [HLS-100] Command "source C:/Logiciels/Xilinx/Vivado_HLS/2012.4/common/technology/xilinx/scripts/xilinxcoregen.gen "
@I [HLS-100] Command 'ap_source' returned 0; elapsed 0.008Total elapsed time: 6.460 sec.
@I [HLS-100] Command "source C:/Logiciels/Xilinx/Vivado_HLS/2012.4/common/technology/xilinx/interface/XilEDKCoreGen.gen "
@I [HLS-100] Command 'ap_source' returned 0; elapsed 0.01Total elapsed time: 6.470 sec.
@I [HLS-100] Command 'ap_source' returned 0; elapsed 0.022Total elapsed time: 6.470 sec.
@I [HLS-100] Command "source C:/Logiciels/Xilinx/Vivado_HLS/2012.4/common/technology/xilinx/common/dsp48.gen "
@I [HLS-100] Command 'ap_source' returned 0; elapsed 0Total elapsed time: 6.471 sec.
@I [HLS-100] Command 'ap_source' returned 0; elapsed 0.024Total elapsed time: 6.471 sec.
@I [HLS-100] Command 'ap_source' returned 0; elapsed 0.025Total elapsed time: 6.472 sec.
@I [HLS-100] Command "source C:/Logiciels/Xilinx/Vivado_HLS/2012.4/common/technology/xilinx/zynq/zynq_fpv6.gen "
@I [HLS-100] Command "source C:/Logiciels/Xilinx/Vivado_HLS/2012.4/common/technology/xilinx/common/xilinx_fpv6.gen "
@I [HLS-100] Command 'ap_source' returned 0; elapsed 0.001Total elapsed time: 6.473 sec.
@I [HLS-100] Command 'ap_source' returned 0; elapsed 0.001Total elapsed time: 6.473 sec.
@I [HLS-100] Command "source C:/Users/gabil/Documents/inf3610_tp4/implementation2/hls/matrix_mul/matrix_mul/solution1/.autopilot/db/global.setting.tcl "
@I [HLS-100] Command 'ap_source' returned 0; elapsed 0.001Total elapsed time: 6.564 sec.
@I [HLS-100] Command "source C:/Users/gabil/Documents/inf3610_tp4/implementation2/hls/matrix_mul/matrix_mul/solution1/.autopilot/db/global.setting.tcl "
@I [HLS-100] Command 'ap_source' returned 0; elapsed 0.002Total elapsed time: 6.570 sec.
@I [HLS-100] Command "source C:/Logiciels/Xilinx/Vivado_HLS/2012.4/common/technology/generic/autopilot/common.gen "
@I [HLS-100] Command "source C:/Logiciels/Xilinx/Vivado_HLS/2012.4/common/technology/generic/autopilot/APCoreGen.gen "
@I [HLS-100] Command 'ap_source' returned 0; elapsed 0.002Total elapsed time: 6.574 sec.
@I [HLS-100] Command 'ap_source' returned 0; elapsed 0.003Total elapsed time: 6.574 sec.
@I [HLS-100] Command "source C:/Logiciels/Xilinx/Vivado_HLS/2012.4/common/technology/generic/autopilot/op.gen "
@I [HLS-100] Command 'ap_source' returned 0; elapsed 0.001Total elapsed time: 6.576 sec.
@I [HLS-100] Command "source C:/Logiciels/Xilinx/Vivado_HLS/2012.4/common/technology/generic/autopilot/op_simcore.gen "
@I [HLS-100] Command 'ap_source' returned 0; elapsed 0.001Total elapsed time: 6.577 sec.
@I [HLS-100] Command "source C:/Logiciels/Xilinx/Vivado_HLS/2012.4/common/technology/generic/autopilot/interface.gen "
@I [HLS-100] Command 'ap_source' returned 0; elapsed 0Total elapsed time: 6.578 sec.
@I [HLS-100] Command "source C:/Users/gabil/Documents/inf3610_tp4/implementation2/hls/matrix_mul/matrix_mul/solution1/.autopilot/db/global.setting.tcl "
@I [HLS-100] Command 'ap_source' returned 0; elapsed 0.002Total elapsed time: 6.580 sec.
@I [HLS-100] Command "source C:/Logiciels/Xilinx/Vivado_HLS/2012.4/common/technology/xilinx/zynq/zynq.gen "
@I [HLS-100] Command "source C:/Logiciels/Xilinx/Vivado_HLS/2012.4/common/technology/xilinx/common/virtex.gen "
@I [HLS-100] Command "source C:/Logiciels/Xilinx/Vivado_HLS/2012.4/common/technology/xilinx/common/xilinx.gen "
@I [HLS-100] Command "source C:/Logiciels/Xilinx/Vivado_HLS/2012.4/common/technology/xilinx/interface/plb46.gen "
@I [HLS-100] Command 'ap_source' returned 0; elapsed 0.001Total elapsed time: 6.582 sec.
@I [HLS-100] Command "source C:/Logiciels/Xilinx/Vivado_HLS/2012.4/common/technology/xilinx/interface/fsl.gen "
@I [HLS-100] Command 'ap_source' returned 0; elapsed 0Total elapsed time: 6.582 sec.
@I [HLS-100] Command "source C:/Logiciels/Xilinx/Vivado_HLS/2012.4/common/technology/xilinx/interface/axi4.gen "
@I [HLS-100] Command 'ap_source' returned 0; elapsed 0.002Total elapsed time: 6.584 sec.
@I [HLS-100] Command "source C:/Logiciels/Xilinx/Vivado_HLS/2012.4/common/technology/xilinx/scripts/xilinxcoregen.gen "
@I [HLS-100] Command 'ap_source' returned 0; elapsed 0.008Total elapsed time: 6.592 sec.
@I [HLS-100] Command "source C:/Logiciels/Xilinx/Vivado_HLS/2012.4/common/technology/xilinx/interface/XilEDKCoreGen.gen "
@I [HLS-100] Command 'ap_source' returned 0; elapsed 0.01Total elapsed time: 6.602 sec.
@I [HLS-100] Command 'ap_source' returned 0; elapsed 0.022Total elapsed time: 6.602 sec.
@I [HLS-100] Command "source C:/Logiciels/Xilinx/Vivado_HLS/2012.4/common/technology/xilinx/common/dsp48.gen "
@I [HLS-100] Command 'ap_source' returned 0; elapsed 0Total elapsed time: 6.603 sec.
@I [HLS-100] Command 'ap_source' returned 0; elapsed 0.023Total elapsed time: 6.603 sec.
@I [HLS-100] Command 'ap_source' returned 0; elapsed 0.023Total elapsed time: 6.603 sec.
@I [HLS-100] Command "source C:/Logiciels/Xilinx/Vivado_HLS/2012.4/common/technology/xilinx/zynq/zynq_fpv6.gen "
@I [HLS-100] Command "source C:/Logiciels/Xilinx/Vivado_HLS/2012.4/common/technology/xilinx/common/xilinx_fpv6.gen "
@I [HLS-100] Command 'ap_source' returned 0; elapsed 0.002Total elapsed time: 6.605 sec.
@I [HLS-100] Command 'ap_source' returned 0; elapsed 0.002Total elapsed time: 6.605 sec.
@I [HLS-100] Command "source C:/Users/gabil/Documents/inf3610_tp4/implementation2/hls/matrix_mul/matrix_mul/solution1/.autopilot/db/matrix_mul_thread.compgen.tcl "
@I [HLS-100] Command 'ap_source' returned 0; elapsed 0.018Total elapsed time: 6.667 sec.
@I [HLS-100] Command "source C:/Users/gabil/Documents/inf3610_tp4/implementation2/hls/matrix_mul/matrix_mul/solution1/.autopilot/db/matrix_mul.compgen.tcl "
@I [HLS-100] Command 'ap_source' returned 0; elapsed 0.043Total elapsed time: 6.711 sec.
@I [HLS-100] Command "source C:/Users/gabil/Documents/inf3610_tp4/implementation2/hls/matrix_mul/matrix_mul/solution1/.autopilot/db/global.setting.tcl "
@I [HLS-100] Command 'ap_source' returned 0; elapsed 0.001Total elapsed time: 6.860 sec.
@I [HLS-100] Command "source C:/Users/gabil/Documents/inf3610_tp4/implementation2/hls/matrix_mul/matrix_mul/solution1/.autopilot/db/matrix_mul.constraint.tcl "
@I [HLS-100] Command 'ap_source' returned 0; elapsed 0.001Total elapsed time: 6.863 sec.
@I [HLS-100] Command "source C:/Logiciels/Xilinx/Vivado_HLS/2012.4/common/technology/generic/autopilot/common.gen "
@I [HLS-100] Command "source C:/Logiciels/Xilinx/Vivado_HLS/2012.4/common/technology/generic/autopilot/APCoreGen.gen "
@I [HLS-100] Command 'ap_source' returned 0; elapsed 0.001Total elapsed time: 6.875 sec.
@I [HLS-100] Command 'ap_source' returned 0; elapsed 0.003Total elapsed time: 6.876 sec.
@I [HLS-100] Command "source C:/Logiciels/Xilinx/Vivado_HLS/2012.4/common/technology/generic/autopilot/op.gen "
@I [HLS-100] Command 'ap_source' returned 0; elapsed 0.001Total elapsed time: 6.877 sec.
@I [HLS-100] Command "source C:/Logiciels/Xilinx/Vivado_HLS/2012.4/common/technology/generic/autopilot/op_simcore.gen "
@I [HLS-100] Command 'ap_source' returned 0; elapsed 0.002Total elapsed time: 6.879 sec.
@I [HLS-100] Command "source C:/Logiciels/Xilinx/Vivado_HLS/2012.4/common/technology/generic/autopilot/interface.gen "
@I [HLS-100] Command 'ap_source' returned 0; elapsed 0.001Total elapsed time: 6.880 sec.
@I [HLS-100] Command "source C:/Users/gabil/Documents/inf3610_tp4/implementation2/hls/matrix_mul/matrix_mul/solution1/.autopilot/db/global.setting.tcl "
@I [HLS-100] Command 'ap_source' returned 0; elapsed 0.001Total elapsed time: 6.881 sec.
@I [HLS-100] Command "source C:/Logiciels/Xilinx/Vivado_HLS/2012.4/common/technology/xilinx/zynq/zynq.gen "
@I [HLS-100] Command "source C:/Logiciels/Xilinx/Vivado_HLS/2012.4/common/technology/xilinx/common/virtex.gen "
@I [HLS-100] Command "source C:/Logiciels/Xilinx/Vivado_HLS/2012.4/common/technology/xilinx/common/xilinx.gen "
@I [HLS-100] Command "source C:/Logiciels/Xilinx/Vivado_HLS/2012.4/common/technology/xilinx/interface/plb46.gen "
@I [HLS-100] Command 'ap_source' returned 0; elapsed 0.001Total elapsed time: 6.883 sec.
@I [HLS-100] Command "source C:/Logiciels/Xilinx/Vivado_HLS/2012.4/common/technology/xilinx/interface/fsl.gen "
@I [HLS-100] Command 'ap_source' returned 0; elapsed 0.001Total elapsed time: 6.884 sec.
@I [HLS-100] Command "source C:/Logiciels/Xilinx/Vivado_HLS/2012.4/common/technology/xilinx/interface/axi4.gen "
@I [HLS-100] Command 'ap_source' returned 0; elapsed 0.001Total elapsed time: 6.885 sec.
@I [HLS-100] Command "source C:/Logiciels/Xilinx/Vivado_HLS/2012.4/common/technology/xilinx/scripts/xilinxcoregen.gen "
@I [HLS-100] Command 'ap_source' returned 0; elapsed 0.006Total elapsed time: 6.892 sec.
@I [HLS-100] Command "source C:/Logiciels/Xilinx/Vivado_HLS/2012.4/common/technology/xilinx/interface/XilEDKCoreGen.gen "
@I [HLS-100] Command 'ap_source' returned 0; elapsed 0.009Total elapsed time: 6.901 sec.
@I [HLS-100] Command 'ap_source' returned 0; elapsed 0.019Total elapsed time: 6.901 sec.
@I [HLS-100] Command "source C:/Logiciels/Xilinx/Vivado_HLS/2012.4/common/technology/xilinx/common/dsp48.gen "
@I [HLS-100] Command 'ap_source' returned 0; elapsed 0Total elapsed time: 6.902 sec.
@I [HLS-100] Command 'ap_source' returned 0; elapsed 0.021Total elapsed time: 6.902 sec.
@I [HLS-100] Command 'ap_source' returned 0; elapsed 0.021Total elapsed time: 6.902 sec.
@I [HLS-100] Command "source C:/Logiciels/Xilinx/Vivado_HLS/2012.4/common/technology/xilinx/zynq/zynq_fpv6.gen "
@I [HLS-100] Command "source C:/Logiciels/Xilinx/Vivado_HLS/2012.4/common/technology/xilinx/common/xilinx_fpv6.gen "
@I [HLS-100] Command 'ap_source' returned 0; elapsed 0.001Total elapsed time: 6.904 sec.
@I [HLS-100] Command 'ap_source' returned 0; elapsed 0.002Total elapsed time: 6.904 sec.
@I [HLS-100] Command 'export_design' returned 0; elapsed 6.055Total elapsed time: 7.37 sec.
@I [HLS-100] Command "cleanup_all "
@I [HLS-100] Command 'cleanup_all' returned 0; elapsed 0Total elapsed time: 7.37 sec.
