@I [HLS-0] Workspace C:/Users/gabil/Documents/inf3610_tp4/implementation/hls/matrix_mul/matrix_mul/solution1 opened at Mon Dec 07 19:30:06 -0500 2015
@I [HLS-100] Command "config_clock -quiet -name - -period 10.0 -default=false "
@I [SYN-201] Setting up clock with a period of 10ns.
@I [HLS-100] Command 'config_clock' returned 0; elapsed 0Total elapsed time: 0.584 sec.
@I [HLS-100] Command "config_clock -quiet -name - -uncertainty 3.0 "
@I [SYN-201] Setting up clock with an uncertainty of 3ns.
@I [HLS-100] Command 'config_clock' returned 0; elapsed 0Total elapsed time: 0.584 sec.
@I [HLS-100] Command "open_platform DefaultPlatform "
@I [HLS-100] Command 'open_platform' returned 0; elapsed 0Total elapsed time: 0.585 sec.
@I [HLS-100] Command "import_lib C:/Logiciels/Xilinx/Vivado_HLS/2012.4/common/technology/xilinx/zynq/zynq "
@I [HLS-100] Command "source C:/Logiciels/Xilinx/Vivado_HLS/2012.4/common/technology/xilinx/common/xilinx.lib "
@I [HLS-100] Command "source C:/Logiciels/Xilinx/Vivado_HLS/2012.4/common/technology/xilinx/interface/xilinx_interface.lib "
@I [HLS-100] Command "source C:/Logiciels/Xilinx/Vivado_HLS/2012.4/common/technology/xilinx/interface/plb46.lib "
@I [HLS-100] Command 'ap_source' returned 0; elapsed 0Total elapsed time: 0.586 sec.
@I [HLS-100] Command "source C:/Logiciels/Xilinx/Vivado_HLS/2012.4/common/technology/xilinx/interface/fsl.lib "
@I [HLS-100] Command 'ap_source' returned 0; elapsed 0.001Total elapsed time: 0.587 sec.
@I [HLS-100] Command "source C:/Logiciels/Xilinx/Vivado_HLS/2012.4/common/technology/xilinx/interface/axi4.lib "
@I [HLS-100] Command 'ap_source' returned 0; elapsed 0Total elapsed time: 0.587 sec.
@I [HLS-100] Command 'ap_source' returned 0; elapsed 0.001Total elapsed time: 0.587 sec.
@I [HLS-100] Command "source C:/Logiciels/Xilinx/Vivado_HLS/2012.4/common/technology/xilinx/common/dsp48.lib "
@I [HLS-100] Command 'ap_source' returned 0; elapsed 0Total elapsed time: 0.587 sec.
@I [HLS-100] Command 'ap_source' returned 0; elapsed 0.004Total elapsed time: 0.590 sec.
@I [HLS-100] Command "source C:/Logiciels/Xilinx/Vivado_HLS/2012.4/common/technology/xilinx/common/xilinx_old.lib "
@I [HLS-100] Command 'ap_source' returned 0; elapsed 0.001Total elapsed time: 0.592 sec.
@I [HLS-100] Command "source C:/Logiciels/Xilinx/Vivado_HLS/2012.4/common/technology/xilinx/common/xilinx.hlp "
@I [HLS-100] Command "source C:/Logiciels/Xilinx/Vivado_HLS/2012.4/common/technology/xilinx/common/target_info.tcl "
@I [HLS-100] Command 'ap_source' returned 0; elapsed 0.001Total elapsed time: 0.596 sec.
@I [HLS-100] Command "source C:/Logiciels/Xilinx/Vivado_HLS/2012.4/common/technology/xilinx/common/dsp48.hlp "
@I [HLS-100] Command 'ap_source' returned 0; elapsed 0.001Total elapsed time: 0.597 sec.
@I [HLS-100] Command 'ap_source' returned 0; elapsed 0.002Total elapsed time: 0.597 sec.
@I [HLS-100] Command "source C:/Logiciels/Xilinx/Vivado_HLS/2012.4/common/technology/xilinx/zynq/dsp48e1.hlp "
@I [HLS-100] Command 'ap_source' returned 0; elapsed 0Total elapsed time: 0.597 sec.
@I [HLS-100] Command "get_default_platform "
@I [HLS-100] Command 'get_default_platform' returned 0; elapsed 0Total elapsed time: 0.598 sec.
@I [HLS-100] Command "config_chip_info -quiet -resource  {SLICE 13300}  {LUT 53200}     {FF 106400} {DSP48E 220}   {BRAM 280}  "
@I [HLS-100] Command 'config_chip_info' returned 0; elapsed 0Total elapsed time: 0.598 sec.
@I [HLS-100] Command "config_chip_info -quiet -speed medium "
@I [HLS-100] Command 'config_chip_info' returned 0; elapsed 0Total elapsed time: 0.598 sec.
@I [HLS-100] Command 'import_lib' returned 0; elapsed 0.014Total elapsed time: 0.599 sec.
@I [HLS-100] Command "source C:/Logiciels/Xilinx/Vivado_HLS/2012.4/common/technology/xilinx/zynq/zynq.gen "
@I [HLS-100] Command "source C:/Logiciels/Xilinx/Vivado_HLS/2012.4/common/technology/xilinx/common/virtex.gen "
@I [HLS-100] Command "source C:/Logiciels/Xilinx/Vivado_HLS/2012.4/common/technology/xilinx/common/xilinx.gen "
@I [HLS-100] Command "source C:/Logiciels/Xilinx/Vivado_HLS/2012.4/common/technology/xilinx/interface/plb46.gen "
@I [HLS-100] Command 'ap_source' returned 0; elapsed 0.002Total elapsed time: 0.602 sec.
@I [HLS-100] Command "source C:/Logiciels/Xilinx/Vivado_HLS/2012.4/common/technology/xilinx/interface/fsl.gen "
@I [HLS-100] Command 'ap_source' returned 0; elapsed 0Total elapsed time: 0.602 sec.
@I [HLS-100] Command "source C:/Logiciels/Xilinx/Vivado_HLS/2012.4/common/technology/xilinx/interface/axi4.gen "
@I [HLS-100] Command 'ap_source' returned 0; elapsed 0.002Total elapsed time: 0.604 sec.
@I [HLS-100] Command "source C:/Logiciels/Xilinx/Vivado_HLS/2012.4/common/technology/xilinx/scripts/xilinxcoregen.gen "
@I [HLS-100] Command 'ap_source' returned 0; elapsed 0.007Total elapsed time: 0.611 sec.
@I [HLS-100] Command "source C:/Logiciels/Xilinx/Vivado_HLS/2012.4/common/technology/xilinx/interface/XilEDKCoreGen.gen "
@I [HLS-100] Command 'ap_source' returned 0; elapsed 0.008Total elapsed time: 0.619 sec.
@I [HLS-100] Command 'ap_source' returned 0; elapsed 0.019Total elapsed time: 0.619 sec.
@I [HLS-100] Command "source C:/Logiciels/Xilinx/Vivado_HLS/2012.4/common/technology/xilinx/common/dsp48.gen "
@I [HLS-100] Command 'ap_source' returned 0; elapsed 0Total elapsed time: 0.620 sec.
@I [HLS-100] Command 'ap_source' returned 0; elapsed 0.02Total elapsed time: 0.620 sec.
@I [HLS-100] Command 'ap_source' returned 0; elapsed 0.02Total elapsed time: 0.620 sec.
@I [HLS-100] Command "open_platform DefaultPlatform "
@I [HLS-100] Command 'open_platform' returned 0; elapsed 0Total elapsed time: 0.621 sec.
@I [HLS-100] Command "import_lib C:/Logiciels/Xilinx/Vivado_HLS/2012.4/common/technology/xilinx/zynq/zynq_fpv6 "
@I [HLS-100] Command "source C:/Logiciels/Xilinx/Vivado_HLS/2012.4/common/technology/xilinx/common/xilinx_fpv6_old.lib "
@I [HLS-100] Command "source C:/Logiciels/Xilinx/Vivado_HLS/2012.4/common/technology/xilinx/common/xilinx_fpv6.lib "
@I [HLS-100] Command 'ap_source' returned 0; elapsed 0.002Total elapsed time: 0.623 sec.
@I [HLS-100] Command 'ap_source' returned 0; elapsed 0.003Total elapsed time: 0.624 sec.
@I [HLS-100] Command 'import_lib' returned 0; elapsed 0.019Total elapsed time: 0.640 sec.
@I [HLS-100] Command "source C:/Logiciels/Xilinx/Vivado_HLS/2012.4/common/technology/xilinx/zynq/zynq_fpv6.gen "
@I [HLS-100] Command "source C:/Logiciels/Xilinx/Vivado_HLS/2012.4/common/technology/xilinx/common/xilinx_fpv6.gen "
@I [HLS-100] Command 'ap_source' returned 0; elapsed 0.002Total elapsed time: 0.642 sec.
@I [HLS-100] Command 'ap_source' returned 0; elapsed 0.002Total elapsed time: 0.642 sec.
@I [HLS-100] Command "set_part xc7z020clg484-1 "
@I [HLS-100] Command "add_library xilinx/zynq/zynq:xc7z020:clg484:-1 "
@I [HLS-100] Command "get_default_platform "
@I [HLS-100] Command 'get_default_platform' returned 0; elapsed 0Total elapsed time: 0.644 sec.
@I [HLS-100] Command "license_exists VIVADO_HLS "
@I [HLS-100] Command 'license_exists' returned 1; elapsed 0Total elapsed time: 0.645 sec.
@I [HLS-100] Command "license_exists AUTOESL_NI "
@I [HLS-100] Command 'license_exists' returned 1; elapsed 0Total elapsed time: 0.645 sec.
@I [HLS-100] Command "license_exists HLS "
@I [HLS-100] Command 'license_exists' returned 0; elapsed 0Total elapsed time: 0.645 sec.
@I [HLS-100] Command "open_platform DefaultPlatform "
@I [HLS-100] Command 'open_platform' returned 0; elapsed 0Total elapsed time: 0.645 sec.
@I [HLS-100] Command "import_lib C:/Logiciels/Xilinx/Vivado_HLS/2012.4/common/technology/xilinx/zynq/zynq "
@I [HLS-100] Command "source C:/Logiciels/Xilinx/Vivado_HLS/2012.4/common/technology/xilinx/common/xilinx.lib "
@I [HLS-100] Command "source C:/Logiciels/Xilinx/Vivado_HLS/2012.4/common/technology/xilinx/interface/xilinx_interface.lib "
@I [HLS-100] Command "source C:/Logiciels/Xilinx/Vivado_HLS/2012.4/common/technology/xilinx/interface/plb46.lib "
@I [HLS-100] Command 'ap_source' returned 0; elapsed 0.001Total elapsed time: 0.646 sec.
@I [HLS-100] Command "source C:/Logiciels/Xilinx/Vivado_HLS/2012.4/common/technology/xilinx/interface/fsl.lib "
@I [HLS-100] Command 'ap_source' returned 0; elapsed 0Total elapsed time: 0.646 sec.
@I [HLS-100] Command "source C:/Logiciels/Xilinx/Vivado_HLS/2012.4/common/technology/xilinx/interface/axi4.lib "
@I [HLS-100] Command 'ap_source' returned 0; elapsed 0.001Total elapsed time: 0.647 sec.
@I [HLS-100] Command 'ap_source' returned 0; elapsed 0.002Total elapsed time: 0.647 sec.
@I [HLS-100] Command "source C:/Logiciels/Xilinx/Vivado_HLS/2012.4/common/technology/xilinx/common/dsp48.lib "
@I [HLS-100] Command 'ap_source' returned 0; elapsed 0Total elapsed time: 0.647 sec.
@I [HLS-100] Command 'ap_source' returned 0; elapsed 0.004Total elapsed time: 0.649 sec.
@I [HLS-100] Command "source C:/Logiciels/Xilinx/Vivado_HLS/2012.4/common/technology/xilinx/common/xilinx_old.lib "
@I [HLS-100] Command 'ap_source' returned 0; elapsed 0Total elapsed time: 0.651 sec.
@I [HLS-100] Command "source C:/Logiciels/Xilinx/Vivado_HLS/2012.4/common/technology/xilinx/common/xilinx.hlp "
@I [HLS-100] Command "source C:/Logiciels/Xilinx/Vivado_HLS/2012.4/common/technology/xilinx/common/target_info.tcl "
@I [HLS-100] Command 'ap_source' returned 0; elapsed 0.041Total elapsed time: 0.695 sec.
@I [HLS-100] Command "source C:/Logiciels/Xilinx/Vivado_HLS/2012.4/common/technology/xilinx/common/dsp48.hlp "
@I [HLS-100] Command 'ap_source' returned 0; elapsed 0.001Total elapsed time: 0.696 sec.
@I [HLS-100] Command 'ap_source' returned 0; elapsed 0.042Total elapsed time: 0.696 sec.
@I [HLS-100] Command "source C:/Logiciels/Xilinx/Vivado_HLS/2012.4/common/technology/xilinx/zynq/dsp48e1.hlp "
@I [HLS-100] Command 'ap_source' returned 0; elapsed 0Total elapsed time: 0.696 sec.
@I [HLS-100] Command "get_default_platform "
@I [HLS-100] Command 'get_default_platform' returned 0; elapsed 0Total elapsed time: 0.696 sec.
@I [HLS-100] Command "config_chip_info -quiet -resource  {SLICE 13300}  {LUT 53200}     {FF 106400} {DSP48E 220}   {BRAM 280}  "
@I [HLS-100] Command 'config_chip_info' returned 0; elapsed 0Total elapsed time: 0.697 sec.
@I [HLS-100] Command "config_chip_info -quiet -speed medium "
@I [HLS-100] Command 'config_chip_info' returned 0; elapsed 0Total elapsed time: 0.697 sec.
@I [HLS-100] Command 'import_lib' returned 0; elapsed 0.053Total elapsed time: 0.698 sec.
@I [HLS-100] Command "source C:/Logiciels/Xilinx/Vivado_HLS/2012.4/common/technology/xilinx/zynq/zynq.gen "
@I [HLS-100] Command "source C:/Logiciels/Xilinx/Vivado_HLS/2012.4/common/technology/xilinx/common/virtex.gen "
@I [HLS-100] Command "source C:/Logiciels/Xilinx/Vivado_HLS/2012.4/common/technology/xilinx/common/xilinx.gen "
@I [HLS-100] Command "source C:/Logiciels/Xilinx/Vivado_HLS/2012.4/common/technology/xilinx/interface/plb46.gen "
@I [HLS-100] Command 'ap_source' returned 0; elapsed 0.001Total elapsed time: 0.700 sec.
@I [HLS-100] Command "source C:/Logiciels/Xilinx/Vivado_HLS/2012.4/common/technology/xilinx/interface/fsl.gen "
@I [HLS-100] Command 'ap_source' returned 0; elapsed 0.001Total elapsed time: 0.701 sec.
@I [HLS-100] Command "source C:/Logiciels/Xilinx/Vivado_HLS/2012.4/common/technology/xilinx/interface/axi4.gen "
@I [HLS-100] Command 'ap_source' returned 0; elapsed 0.001Total elapsed time: 0.702 sec.
@I [HLS-100] Command "source C:/Logiciels/Xilinx/Vivado_HLS/2012.4/common/technology/xilinx/scripts/xilinxcoregen.gen "
@I [HLS-100] Command 'ap_source' returned 0; elapsed 0.006Total elapsed time: 0.709 sec.
@I [HLS-100] Command "source C:/Logiciels/Xilinx/Vivado_HLS/2012.4/common/technology/xilinx/interface/XilEDKCoreGen.gen "
@I [HLS-100] Command 'ap_source' returned 0; elapsed 0.009Total elapsed time: 0.718 sec.
@I [HLS-100] Command 'ap_source' returned 0; elapsed 0.019Total elapsed time: 0.718 sec.
@I [HLS-100] Command "source C:/Logiciels/Xilinx/Vivado_HLS/2012.4/common/technology/xilinx/common/dsp48.gen "
@I [HLS-100] Command 'ap_source' returned 0; elapsed 0Total elapsed time: 0.719 sec.
@I [HLS-100] Command 'ap_source' returned 0; elapsed 0.02Total elapsed time: 0.719 sec.
@I [HLS-100] Command 'ap_source' returned 0; elapsed 0.02Total elapsed time: 0.719 sec.
@I [HLS-100] Command "get_default_platform "
@I [HLS-100] Command 'get_default_platform' returned 0; elapsed 0Total elapsed time: 0.722 sec.
@I [HLS-100] Command "config_chip_info -quiet -resource  {SLICE 13300}  {LUT 53200}     {FF 106400} {DSP48E 220}   {BRAM 280}  "
@I [HLS-100] Command 'config_chip_info' returned 0; elapsed 0Total elapsed time: 0.723 sec.
@I [HLS-100] Command "config_chip_info -quiet -speed slow "
@I [HLS-100] Command 'config_chip_info' returned 0; elapsed 0Total elapsed time: 0.723 sec.
@I [HLS-100] Command 'add_library' returned 0; elapsed 0.082Total elapsed time: 0.726 sec.
@I [HLS-100] Command "add_library xilinx/zynq/zynq_fpv6 "
@I [HLS-100] Command "get_default_platform "
@I [HLS-100] Command 'get_default_platform' returned 0; elapsed 0Total elapsed time: 0.726 sec.
@I [HLS-100] Command "license_exists VIVADO_HLS "
@I [HLS-100] Command 'license_exists' returned 1; elapsed 0Total elapsed time: 0.726 sec.
@I [HLS-100] Command "license_exists AUTOESL_NI "
@I [HLS-100] Command 'license_exists' returned 1; elapsed 0Total elapsed time: 0.726 sec.
@I [HLS-100] Command "license_exists HLS "
@I [HLS-100] Command 'license_exists' returned 0; elapsed 0Total elapsed time: 0.726 sec.
@I [HLS-100] Command "open_platform DefaultPlatform "
@I [HLS-100] Command 'open_platform' returned 0; elapsed 0Total elapsed time: 0.727 sec.
@I [HLS-100] Command "import_lib C:/Logiciels/Xilinx/Vivado_HLS/2012.4/common/technology/xilinx/zynq/zynq_fpv6 "
@I [HLS-100] Command "source C:/Logiciels/Xilinx/Vivado_HLS/2012.4/common/technology/xilinx/common/xilinx_fpv6_old.lib "
@I [HLS-100] Command "source C:/Logiciels/Xilinx/Vivado_HLS/2012.4/common/technology/xilinx/common/xilinx_fpv6.lib "
@I [HLS-100] Command 'ap_source' returned 0; elapsed 0.002Total elapsed time: 0.729 sec.
@I [HLS-100] Command 'ap_source' returned 0; elapsed 0.003Total elapsed time: 0.730 sec.
@I [HLS-100] Command 'import_lib' returned 0; elapsed 0.018Total elapsed time: 0.745 sec.
@I [HLS-100] Command "source C:/Logiciels/Xilinx/Vivado_HLS/2012.4/common/technology/xilinx/zynq/zynq_fpv6.gen "
@I [HLS-100] Command "source C:/Logiciels/Xilinx/Vivado_HLS/2012.4/common/technology/xilinx/common/xilinx_fpv6.gen "
@I [HLS-100] Command 'ap_source' returned 0; elapsed 0.001Total elapsed time: 0.746 sec.
@I [HLS-100] Command 'ap_source' returned 0; elapsed 0.001Total elapsed time: 0.746 sec.
@I [HLS-100] Command 'add_library' returned 0; elapsed 0.022Total elapsed time: 0.748 sec.
@I [HLS-10] Setting target device to 'xc7z020clg484-1'
@I [HLS-100] Command 'set_part' returned 0; elapsed 0.106Total elapsed time: 0.748 sec.
@I [HLS-100] Command "get_default_platform "
@I [HLS-100] Command 'get_default_platform' returned 0; elapsed 0Total elapsed time: 0.748 sec.
@I [HLS-100] Command "config_chip_info -quiet -resource  {SLICE 13300}  {LUT 53200}     {FF 106400} {DSP48E 220}   {BRAM 280}  "
@I [HLS-100] Command 'config_chip_info' returned 0; elapsed 0Total elapsed time: 0.748 sec.
@I [HLS-100] Command "config_chip_info -quiet -speed slow "
@I [HLS-100] Command 'config_chip_info' returned 0; elapsed 0Total elapsed time: 0.748 sec.
@I [HLS-100] Command 'open_solution' returned 0; elapsed 0.21Total elapsed time: 0.749 sec.
@I [HLS-100] Command "export_design -format ipxact -version 2.00.a -use_netlist none "
@W [IMPL-205] Ignored option '-use_netlist' which is only valid for pcore.
@I [HLS-100] Command "source C:/Users/gabil/Documents/inf3610_tp4/implementation/hls/matrix_mul/matrix_mul/solution1/.autopilot/db/global.setting.tcl "
@I [HLS-100] Command 'ap_source' returned 0; elapsed 0.001Total elapsed time: 0.776 sec.
@I [HLS-100] Command "source C:/Logiciels/Xilinx/Vivado_HLS/2012.4/common/technology/generic/autopilot/common.gen "
@I [HLS-100] Command "source C:/Logiciels/Xilinx/Vivado_HLS/2012.4/common/technology/generic/autopilot/APCoreGen.gen "
@I [HLS-100] Command 'ap_source' returned 0; elapsed 0.001Total elapsed time: 0.781 sec.
@I [HLS-100] Command 'ap_source' returned 0; elapsed 0.003Total elapsed time: 0.782 sec.
@I [HLS-100] Command "source C:/Logiciels/Xilinx/Vivado_HLS/2012.4/common/technology/generic/autopilot/op.gen "
@I [HLS-100] Command 'ap_source' returned 0; elapsed 0.04Total elapsed time: 0.822 sec.
@I [HLS-100] Command "source C:/Logiciels/Xilinx/Vivado_HLS/2012.4/common/technology/generic/autopilot/op_simcore.gen "
@I [HLS-100] Command 'ap_source' returned 0; elapsed 0.001Total elapsed time: 0.823 sec.
@I [HLS-100] Command "source C:/Logiciels/Xilinx/Vivado_HLS/2012.4/common/technology/generic/autopilot/interface.gen "
@I [HLS-100] Command 'ap_source' returned 0; elapsed 0.001Total elapsed time: 0.824 sec.
@I [HLS-100] Command "source C:/Users/gabil/Documents/inf3610_tp4/implementation/hls/matrix_mul/matrix_mul/solution1/.autopilot/db/global.setting.tcl "
@I [HLS-100] Command 'ap_source' returned 0; elapsed 0.001Total elapsed time: 0.825 sec.
@I [HLS-100] Command "source C:/Logiciels/Xilinx/Vivado_HLS/2012.4/common/technology/xilinx/zynq/zynq.gen "
@I [HLS-100] Command "source C:/Logiciels/Xilinx/Vivado_HLS/2012.4/common/technology/xilinx/common/virtex.gen "
@I [HLS-100] Command "source C:/Logiciels/Xilinx/Vivado_HLS/2012.4/common/technology/xilinx/common/xilinx.gen "
@I [HLS-100] Command "source C:/Logiciels/Xilinx/Vivado_HLS/2012.4/common/technology/xilinx/interface/plb46.gen "
@I [HLS-100] Command 'ap_source' returned 0; elapsed 0.001Total elapsed time: 0.827 sec.
@I [HLS-100] Command "source C:/Logiciels/Xilinx/Vivado_HLS/2012.4/common/technology/xilinx/interface/fsl.gen "
@I [HLS-100] Command 'ap_source' returned 0; elapsed 0.001Total elapsed time: 0.828 sec.
@I [HLS-100] Command "source C:/Logiciels/Xilinx/Vivado_HLS/2012.4/common/technology/xilinx/interface/axi4.gen "
@I [HLS-100] Command 'ap_source' returned 0; elapsed 0.001Total elapsed time: 0.829 sec.
@I [HLS-100] Command "source C:/Logiciels/Xilinx/Vivado_HLS/2012.4/common/technology/xilinx/scripts/xilinxcoregen.gen "
@I [HLS-100] Command 'ap_source' returned 0; elapsed 0.006Total elapsed time: 0.836 sec.
@I [HLS-100] Command "source C:/Logiciels/Xilinx/Vivado_HLS/2012.4/common/technology/xilinx/interface/XilEDKCoreGen.gen "
@I [HLS-100] Command 'ap_source' returned 0; elapsed 0.009Total elapsed time: 0.845 sec.
@I [HLS-100] Command 'ap_source' returned 0; elapsed 0.019Total elapsed time: 0.845 sec.
@I [HLS-100] Command "source C:/Logiciels/Xilinx/Vivado_HLS/2012.4/common/technology/xilinx/common/dsp48.gen "
@I [HLS-100] Command 'ap_source' returned 0; elapsed 0Total elapsed time: 0.846 sec.
@I [HLS-100] Command 'ap_source' returned 0; elapsed 0.021Total elapsed time: 0.847 sec.
@I [HLS-100] Command 'ap_source' returned 0; elapsed 0.021Total elapsed time: 0.847 sec.
@I [HLS-100] Command "source C:/Logiciels/Xilinx/Vivado_HLS/2012.4/common/technology/xilinx/zynq/zynq_fpv6.gen "
@I [HLS-100] Command "source C:/Logiciels/Xilinx/Vivado_HLS/2012.4/common/technology/xilinx/common/xilinx_fpv6.gen "
@I [HLS-100] Command 'ap_source' returned 0; elapsed 0.001Total elapsed time: 0.848 sec.
@I [HLS-100] Command 'ap_source' returned 0; elapsed 0.001Total elapsed time: 0.848 sec.
@I [HLS-100] Command "source C:/Users/gabil/Documents/inf3610_tp4/implementation/hls/matrix_mul/matrix_mul/solution1/.autopilot/db/global.setting.tcl "
@I [HLS-100] Command 'ap_source' returned 0; elapsed 0.001Total elapsed time: 0.850 sec.
@I [IMPL-8] Exporting RTL as an IP in IP-XACT.
@I [HLS-100] Command "source C:/Users/gabil/Documents/inf3610_tp4/implementation/hls/matrix_mul/matrix_mul/solution1/.autopilot/db/global.setting.tcl "
@I [HLS-100] Command 'ap_source' returned 0; elapsed 0.002Total elapsed time: 0.857 sec.
@I [HLS-100] Command "source C:/Logiciels/Xilinx/Vivado_HLS/2012.4/common/technology/generic/autopilot/common.gen "
@I [HLS-100] Command "source C:/Logiciels/Xilinx/Vivado_HLS/2012.4/common/technology/generic/autopilot/APCoreGen.gen "
@I [HLS-100] Command 'ap_source' returned 0; elapsed 0.001Total elapsed time: 0.859 sec.
@I [HLS-100] Command 'ap_source' returned 0; elapsed 0.003Total elapsed time: 0.860 sec.
@I [HLS-100] Command "source C:/Logiciels/Xilinx/Vivado_HLS/2012.4/common/technology/generic/autopilot/op.gen "
@I [HLS-100] Command 'ap_source' returned 0; elapsed 0.001Total elapsed time: 0.861 sec.
@I [HLS-100] Command "source C:/Logiciels/Xilinx/Vivado_HLS/2012.4/common/technology/generic/autopilot/op_simcore.gen "
@I [HLS-100] Command 'ap_source' returned 0; elapsed 0.032Total elapsed time: 0.893 sec.
@I [HLS-100] Command "source C:/Logiciels/Xilinx/Vivado_HLS/2012.4/common/technology/generic/autopilot/interface.gen "
@I [HLS-100] Command 'ap_source' returned 0; elapsed 0.001Total elapsed time: 0.894 sec.
@I [HLS-100] Command "source C:/Users/gabil/Documents/inf3610_tp4/implementation/hls/matrix_mul/matrix_mul/solution1/.autopilot/db/global.setting.tcl "
@I [HLS-100] Command 'ap_source' returned 0; elapsed 0.001Total elapsed time: 0.895 sec.
@I [HLS-100] Command "source C:/Logiciels/Xilinx/Vivado_HLS/2012.4/common/technology/xilinx/zynq/zynq.gen "
@I [HLS-100] Command "source C:/Logiciels/Xilinx/Vivado_HLS/2012.4/common/technology/xilinx/common/virtex.gen "
@I [HLS-100] Command "source C:/Logiciels/Xilinx/Vivado_HLS/2012.4/common/technology/xilinx/common/xilinx.gen "
@I [HLS-100] Command "source C:/Logiciels/Xilinx/Vivado_HLS/2012.4/common/technology/xilinx/interface/plb46.gen "
@I [HLS-100] Command 'ap_source' returned 0; elapsed 0.001Total elapsed time: 0.897 sec.
@I [HLS-100] Command "source C:/Logiciels/Xilinx/Vivado_HLS/2012.4/common/technology/xilinx/interface/fsl.gen "
@I [HLS-100] Command 'ap_source' returned 0; elapsed 0.001Total elapsed time: 0.898 sec.
@I [HLS-100] Command "source C:/Logiciels/Xilinx/Vivado_HLS/2012.4/common/technology/xilinx/interface/axi4.gen "
@I [HLS-100] Command 'ap_source' returned 0; elapsed 0.001Total elapsed time: 0.899 sec.
@I [HLS-100] Command "source C:/Logiciels/Xilinx/Vivado_HLS/2012.4/common/technology/xilinx/scripts/xilinxcoregen.gen "
@I [HLS-100] Command 'ap_source' returned 0; elapsed 0.007Total elapsed time: 0.906 sec.
@I [HLS-100] Command "source C:/Logiciels/Xilinx/Vivado_HLS/2012.4/common/technology/xilinx/interface/XilEDKCoreGen.gen "
@I [HLS-100] Command 'ap_source' returned 0; elapsed 0.01Total elapsed time: 0.916 sec.
@I [HLS-100] Command 'ap_source' returned 0; elapsed 0.02Total elapsed time: 0.916 sec.
@I [HLS-100] Command "source C:/Logiciels/Xilinx/Vivado_HLS/2012.4/common/technology/xilinx/common/dsp48.gen "
@I [HLS-100] Command 'ap_source' returned 0; elapsed 0Total elapsed time: 0.917 sec.
@I [HLS-100] Command 'ap_source' returned 0; elapsed 0.022Total elapsed time: 0.917 sec.
@I [HLS-100] Command 'ap_source' returned 0; elapsed 0.022Total elapsed time: 0.917 sec.
@I [HLS-100] Command "source C:/Logiciels/Xilinx/Vivado_HLS/2012.4/common/technology/xilinx/zynq/zynq_fpv6.gen "
@I [HLS-100] Command "source C:/Logiciels/Xilinx/Vivado_HLS/2012.4/common/technology/xilinx/common/xilinx_fpv6.gen "
@I [HLS-100] Command 'ap_source' returned 0; elapsed 0.001Total elapsed time: 0.919 sec.
@I [HLS-100] Command 'ap_source' returned 0; elapsed 0.002Total elapsed time: 0.919 sec.
@I [HLS-100] Command "source C:/Users/gabil/Documents/inf3610_tp4/implementation/hls/matrix_mul/matrix_mul/solution1/.autopilot/db/matrix_mul_thread.compgen.tcl "
@I [IMPL-282] Generating Xilinx core: 'matrix_mul_mul_32s_32s_32_6_MulnS_0'
@I [HLS-100] Command 'ap_source' returned 0; elapsed 0.023Total elapsed time: 0.944 sec.
@I [HLS-100] Command "source C:/Users/gabil/Documents/inf3610_tp4/implementation/hls/matrix_mul/matrix_mul/solution1/.autopilot/db/matrix_mul.compgen.tcl "
@I [IMPL-278] Implementing memory 'matrix_mul_m_result_ram' as block RAMs.
@I [HLS-100] Command 'ap_source' returned 0; elapsed 0.02Total elapsed time: 0.964 sec.
@I [HLS-100] Command "source C:/Users/gabil/Documents/inf3610_tp4/implementation/hls/matrix_mul/matrix_mul/solution1/.autopilot/db/matrix_mul_thread.compgen.tcl "
@I [HLS-100] Command 'ap_source' returned 0; elapsed 0.001Total elapsed time: 1.8 sec.
@I [HLS-100] Command "source C:/Users/gabil/Documents/inf3610_tp4/implementation/hls/matrix_mul/matrix_mul/solution1/.autopilot/db/matrix_mul.compgen.tcl "
@I [HLS-100] Command 'ap_source' returned 0; elapsed 0.016Total elapsed time: 1.24 sec.
@I [HLS-100] Command "source C:/Users/gabil/Documents/inf3610_tp4/implementation/hls/matrix_mul/matrix_mul/solution1/.autopilot/db/matrix_mul_thread.compgen.tcl "
@I [HLS-100] Command 'ap_source' returned 0; elapsed 0.021Total elapsed time: 1.120 sec.
@I [HLS-100] Command "source C:/Users/gabil/Documents/inf3610_tp4/implementation/hls/matrix_mul/matrix_mul/solution1/.autopilot/db/matrix_mul.compgen.tcl "
@I [HLS-100] Command 'ap_source' returned 0; elapsed 0.016Total elapsed time: 1.136 sec.
@I [HLS-100] Command "source C:/Users/gabil/Documents/inf3610_tp4/implementation/hls/matrix_mul/matrix_mul/solution1/.autopilot/db/global.setting.tcl "
@I [HLS-100] Command 'ap_source' returned 0; elapsed 0.001Total elapsed time: 1.310 sec.
@I [HLS-100] Command "source C:/Users/gabil/Documents/inf3610_tp4/implementation/hls/matrix_mul/matrix_mul/solution1/.autopilot/db/matrix_mul.constraint.tcl "
@I [HLS-100] Command 'ap_source' returned 0; elapsed 0.001Total elapsed time: 1.316 sec.
@I [HLS-100] Command "source C:/Users/gabil/Documents/inf3610_tp4/implementation/hls/matrix_mul/matrix_mul/solution1/.autopilot/db/global.setting.tcl "
@I [HLS-100] Command 'ap_source' returned 0; elapsed 0.001Total elapsed time: 1.401 sec.
@I [HLS-100] Command "source C:/Users/gabil/Documents/inf3610_tp4/implementation/hls/matrix_mul/matrix_mul/solution1/.autopilot/db/global.setting.tcl "
@I [HLS-100] Command 'ap_source' returned 0; elapsed 0.002Total elapsed time: 1.424 sec.
@I [HLS-100] Command "source C:/Users/gabil/Documents/inf3610_tp4/implementation/hls/matrix_mul/matrix_mul/solution1/.autopilot/db/matrix_mul.constraint.tcl "
@I [HLS-100] Command 'ap_source' returned 0; elapsed 0.001Total elapsed time: 1.427 sec.
@I [HLS-100] Command "source C:/Users/gabil/Documents/inf3610_tp4/implementation/hls/matrix_mul/matrix_mul/solution1/.autopilot/db/matrix_mul.constraint.tcl "
@I [HLS-100] Command 'ap_source' returned 0; elapsed 0.002Total elapsed time: 1.430 sec.
@I [HLS-100] Command "source C:/Logiciels/Xilinx/Vivado_HLS/2012.4/common/technology/generic/autopilot/common.gen "
@I [HLS-100] Command "source C:/Logiciels/Xilinx/Vivado_HLS/2012.4/common/technology/generic/autopilot/APCoreGen.gen "
@I [HLS-100] Command 'ap_source' returned 0; elapsed 0.001Total elapsed time: 1.450 sec.
@I [HLS-100] Command 'ap_source' returned 0; elapsed 0.003Total elapsed time: 1.451 sec.
@I [HLS-100] Command "source C:/Logiciels/Xilinx/Vivado_HLS/2012.4/common/technology/generic/autopilot/op.gen "
@I [HLS-100] Command 'ap_source' returned 0; elapsed 0.001Total elapsed time: 1.452 sec.
@I [HLS-100] Command "source C:/Logiciels/Xilinx/Vivado_HLS/2012.4/common/technology/generic/autopilot/op_simcore.gen "
@I [HLS-100] Command 'ap_source' returned 0; elapsed 0.002Total elapsed time: 1.454 sec.
@I [HLS-100] Command "source C:/Logiciels/Xilinx/Vivado_HLS/2012.4/common/technology/generic/autopilot/interface.gen "
@I [HLS-100] Command 'ap_source' returned 0; elapsed 0.001Total elapsed time: 1.455 sec.
@I [HLS-100] Command "source C:/Users/gabil/Documents/inf3610_tp4/implementation/hls/matrix_mul/matrix_mul/solution1/.autopilot/db/global.setting.tcl "
@I [HLS-100] Command 'ap_source' returned 0; elapsed 0.001Total elapsed time: 1.456 sec.
@I [HLS-100] Command "source C:/Logiciels/Xilinx/Vivado_HLS/2012.4/common/technology/xilinx/zynq/zynq.gen "
@I [HLS-100] Command "source C:/Logiciels/Xilinx/Vivado_HLS/2012.4/common/technology/xilinx/common/virtex.gen "
@I [HLS-100] Command "source C:/Logiciels/Xilinx/Vivado_HLS/2012.4/common/technology/xilinx/common/xilinx.gen "
@I [HLS-100] Command "source C:/Logiciels/Xilinx/Vivado_HLS/2012.4/common/technology/xilinx/interface/plb46.gen "
@I [HLS-100] Command 'ap_source' returned 0; elapsed 0.001Total elapsed time: 1.458 sec.
@I [HLS-100] Command "source C:/Logiciels/Xilinx/Vivado_HLS/2012.4/common/technology/xilinx/interface/fsl.gen "
@I [HLS-100] Command 'ap_source' returned 0; elapsed 0Total elapsed time: 1.458 sec.
@I [HLS-100] Command "source C:/Logiciels/Xilinx/Vivado_HLS/2012.4/common/technology/xilinx/interface/axi4.gen "
@I [HLS-100] Command 'ap_source' returned 0; elapsed 0.001Total elapsed time: 1.460 sec.
@I [HLS-100] Command "source C:/Logiciels/Xilinx/Vivado_HLS/2012.4/common/technology/xilinx/scripts/xilinxcoregen.gen "
@I [HLS-100] Command 'ap_source' returned 0; elapsed 0.007Total elapsed time: 1.467 sec.
@I [HLS-100] Command "source C:/Logiciels/Xilinx/Vivado_HLS/2012.4/common/technology/xilinx/interface/XilEDKCoreGen.gen "
@I [HLS-100] Command 'ap_source' returned 0; elapsed 0.009Total elapsed time: 1.476 sec.
@I [HLS-100] Command 'ap_source' returned 0; elapsed 0.019Total elapsed time: 1.476 sec.
@I [HLS-100] Command "source C:/Logiciels/Xilinx/Vivado_HLS/2012.4/common/technology/xilinx/common/dsp48.gen "
@I [HLS-100] Command 'ap_source' returned 0; elapsed 0Total elapsed time: 1.477 sec.
@I [HLS-100] Command 'ap_source' returned 0; elapsed 0.021Total elapsed time: 1.477 sec.
@I [HLS-100] Command 'ap_source' returned 0; elapsed 0.021Total elapsed time: 1.477 sec.
@I [HLS-100] Command "source C:/Logiciels/Xilinx/Vivado_HLS/2012.4/common/technology/xilinx/zynq/zynq_fpv6.gen "
@I [HLS-100] Command "source C:/Logiciels/Xilinx/Vivado_HLS/2012.4/common/technology/xilinx/common/xilinx_fpv6.gen "
@I [HLS-100] Command 'ap_source' returned 0; elapsed 0.001Total elapsed time: 1.479 sec.
@I [HLS-100] Command 'ap_source' returned 0; elapsed 0.002Total elapsed time: 1.479 sec.
@I [HLS-100] Command "source C:/Users/gabil/Documents/inf3610_tp4/implementation/hls/matrix_mul/matrix_mul/solution1/.autopilot/db/global.setting.tcl "
@I [HLS-100] Command 'ap_source' returned 0; elapsed 0.001Total elapsed time: 18.467 sec.
@I [HLS-100] Command "source C:/Logiciels/Xilinx/Vivado_HLS/2012.4/common/technology/generic/autopilot/common.gen "
@I [HLS-100] Command "source C:/Logiciels/Xilinx/Vivado_HLS/2012.4/common/technology/generic/autopilot/APCoreGen.gen "
@I [HLS-100] Command 'ap_source' returned 0; elapsed 0.002Total elapsed time: 18.472 sec.
@I [HLS-100] Command 'ap_source' returned 0; elapsed 0.002Total elapsed time: 18.472 sec.
@I [HLS-100] Command "source C:/Logiciels/Xilinx/Vivado_HLS/2012.4/common/technology/generic/autopilot/op.gen "
@I [HLS-100] Command 'ap_source' returned 0; elapsed 0.001Total elapsed time: 18.473 sec.
@I [HLS-100] Command "source C:/Logiciels/Xilinx/Vivado_HLS/2012.4/common/technology/generic/autopilot/op_simcore.gen "
@I [HLS-100] Command 'ap_source' returned 0; elapsed 0.002Total elapsed time: 18.475 sec.
@I [HLS-100] Command "source C:/Logiciels/Xilinx/Vivado_HLS/2012.4/common/technology/generic/autopilot/interface.gen "
@I [HLS-100] Command 'ap_source' returned 0; elapsed 0.001Total elapsed time: 18.476 sec.
@I [HLS-100] Command "source C:/Users/gabil/Documents/inf3610_tp4/implementation/hls/matrix_mul/matrix_mul/solution1/.autopilot/db/global.setting.tcl "
@I [HLS-100] Command 'ap_source' returned 0; elapsed 0.001Total elapsed time: 18.477 sec.
@I [HLS-100] Command "source C:/Logiciels/Xilinx/Vivado_HLS/2012.4/common/technology/xilinx/zynq/zynq.gen "
@I [HLS-100] Command "source C:/Logiciels/Xilinx/Vivado_HLS/2012.4/common/technology/xilinx/common/virtex.gen "
@I [HLS-100] Command "source C:/Logiciels/Xilinx/Vivado_HLS/2012.4/common/technology/xilinx/common/xilinx.gen "
@I [HLS-100] Command "source C:/Logiciels/Xilinx/Vivado_HLS/2012.4/common/technology/xilinx/interface/plb46.gen "
@I [HLS-100] Command 'ap_source' returned 0; elapsed 0.001Total elapsed time: 18.479 sec.
@I [HLS-100] Command "source C:/Logiciels/Xilinx/Vivado_HLS/2012.4/common/technology/xilinx/interface/fsl.gen "
@I [HLS-100] Command 'ap_source' returned 0; elapsed 0Total elapsed time: 18.479 sec.
@I [HLS-100] Command "source C:/Logiciels/Xilinx/Vivado_HLS/2012.4/common/technology/xilinx/interface/axi4.gen "
@I [HLS-100] Command 'ap_source' returned 0; elapsed 0.002Total elapsed time: 18.481 sec.
@I [HLS-100] Command "source C:/Logiciels/Xilinx/Vivado_HLS/2012.4/common/technology/xilinx/scripts/xilinxcoregen.gen "
@I [HLS-100] Command 'ap_source' returned 0; elapsed 0.007Total elapsed time: 18.488 sec.
@I [HLS-100] Command "source C:/Logiciels/Xilinx/Vivado_HLS/2012.4/common/technology/xilinx/interface/XilEDKCoreGen.gen "
@I [HLS-100] Command 'ap_source' returned 0; elapsed 0.009Total elapsed time: 18.497 sec.
@I [HLS-100] Command 'ap_source' returned 0; elapsed 0.02Total elapsed time: 18.497 sec.
@I [HLS-100] Command "source C:/Logiciels/Xilinx/Vivado_HLS/2012.4/common/technology/xilinx/common/dsp48.gen "
@I [HLS-100] Command 'ap_source' returned 0; elapsed 0Total elapsed time: 18.498 sec.
@I [HLS-100] Command 'ap_source' returned 0; elapsed 0.021Total elapsed time: 18.498 sec.
@I [HLS-100] Command 'ap_source' returned 0; elapsed 0.021Total elapsed time: 18.498 sec.
@I [HLS-100] Command "source C:/Logiciels/Xilinx/Vivado_HLS/2012.4/common/technology/xilinx/zynq/zynq_fpv6.gen "
@I [HLS-100] Command "source C:/Logiciels/Xilinx/Vivado_HLS/2012.4/common/technology/xilinx/common/xilinx_fpv6.gen "
@I [HLS-100] Command 'ap_source' returned 0; elapsed 0.001Total elapsed time: 18.499 sec.
@I [HLS-100] Command 'ap_source' returned 0; elapsed 0.001Total elapsed time: 18.499 sec.
@I [HLS-100] Command "source C:/Users/gabil/Documents/inf3610_tp4/implementation/hls/matrix_mul/matrix_mul/solution1/.autopilot/db/global.setting.tcl "
@I [HLS-100] Command 'ap_source' returned 0; elapsed 0.001Total elapsed time: 18.530 sec.
@I [HLS-100] Command "source C:/Users/gabil/Documents/inf3610_tp4/implementation/hls/matrix_mul/matrix_mul/solution1/.autopilot/db/global.setting.tcl "
@I [HLS-100] Command 'ap_source' returned 0; elapsed 0.001Total elapsed time: 18.535 sec.
@I [HLS-100] Command "source C:/Logiciels/Xilinx/Vivado_HLS/2012.4/common/technology/generic/autopilot/common.gen "
@I [HLS-100] Command "source C:/Logiciels/Xilinx/Vivado_HLS/2012.4/common/technology/generic/autopilot/APCoreGen.gen "
@I [HLS-100] Command 'ap_source' returned 0; elapsed 0.002Total elapsed time: 18.539 sec.
@I [HLS-100] Command 'ap_source' returned 0; elapsed 0.002Total elapsed time: 18.539 sec.
@I [HLS-100] Command "source C:/Logiciels/Xilinx/Vivado_HLS/2012.4/common/technology/generic/autopilot/op.gen "
@I [HLS-100] Command 'ap_source' returned 0; elapsed 0.001Total elapsed time: 18.540 sec.
@I [HLS-100] Command "source C:/Logiciels/Xilinx/Vivado_HLS/2012.4/common/technology/generic/autopilot/op_simcore.gen "
@I [HLS-100] Command 'ap_source' returned 0; elapsed 0.002Total elapsed time: 18.542 sec.
@I [HLS-100] Command "source C:/Logiciels/Xilinx/Vivado_HLS/2012.4/common/technology/generic/autopilot/interface.gen "
@I [HLS-100] Command 'ap_source' returned 0; elapsed 0.001Total elapsed time: 18.543 sec.
@I [HLS-100] Command "source C:/Users/gabil/Documents/inf3610_tp4/implementation/hls/matrix_mul/matrix_mul/solution1/.autopilot/db/global.setting.tcl "
@I [HLS-100] Command 'ap_source' returned 0; elapsed 0.001Total elapsed time: 18.544 sec.
@I [HLS-100] Command "source C:/Logiciels/Xilinx/Vivado_HLS/2012.4/common/technology/xilinx/zynq/zynq.gen "
@I [HLS-100] Command "source C:/Logiciels/Xilinx/Vivado_HLS/2012.4/common/technology/xilinx/common/virtex.gen "
@I [HLS-100] Command "source C:/Logiciels/Xilinx/Vivado_HLS/2012.4/common/technology/xilinx/common/xilinx.gen "
@I [HLS-100] Command "source C:/Logiciels/Xilinx/Vivado_HLS/2012.4/common/technology/xilinx/interface/plb46.gen "
@I [HLS-100] Command 'ap_source' returned 0; elapsed 0.001Total elapsed time: 18.546 sec.
@I [HLS-100] Command "source C:/Logiciels/Xilinx/Vivado_HLS/2012.4/common/technology/xilinx/interface/fsl.gen "
@I [HLS-100] Command 'ap_source' returned 0; elapsed 0Total elapsed time: 18.546 sec.
@I [HLS-100] Command "source C:/Logiciels/Xilinx/Vivado_HLS/2012.4/common/technology/xilinx/interface/axi4.gen "
@I [HLS-100] Command 'ap_source' returned 0; elapsed 0.002Total elapsed time: 18.548 sec.
@I [HLS-100] Command "source C:/Logiciels/Xilinx/Vivado_HLS/2012.4/common/technology/xilinx/scripts/xilinxcoregen.gen "
@I [HLS-100] Command 'ap_source' returned 0; elapsed 0.007Total elapsed time: 18.555 sec.
@I [HLS-100] Command "source C:/Logiciels/Xilinx/Vivado_HLS/2012.4/common/technology/xilinx/interface/XilEDKCoreGen.gen "
@I [HLS-100] Command 'ap_source' returned 0; elapsed 0.01Total elapsed time: 18.565 sec.
@I [HLS-100] Command 'ap_source' returned 0; elapsed 0.021Total elapsed time: 18.565 sec.
@I [HLS-100] Command "source C:/Logiciels/Xilinx/Vivado_HLS/2012.4/common/technology/xilinx/common/dsp48.gen "
@I [HLS-100] Command 'ap_source' returned 0; elapsed 0Total elapsed time: 18.566 sec.
@I [HLS-100] Command 'ap_source' returned 0; elapsed 0.022Total elapsed time: 18.566 sec.
@I [HLS-100] Command 'ap_source' returned 0; elapsed 0.023Total elapsed time: 18.567 sec.
@I [HLS-100] Command "source C:/Logiciels/Xilinx/Vivado_HLS/2012.4/common/technology/xilinx/zynq/zynq_fpv6.gen "
@I [HLS-100] Command "source C:/Logiciels/Xilinx/Vivado_HLS/2012.4/common/technology/xilinx/common/xilinx_fpv6.gen "
@I [HLS-100] Command 'ap_source' returned 0; elapsed 0.001Total elapsed time: 18.568 sec.
@I [HLS-100] Command 'ap_source' returned 0; elapsed 0.001Total elapsed time: 18.568 sec.
@I [HLS-100] Command "source C:/Users/gabil/Documents/inf3610_tp4/implementation/hls/matrix_mul/matrix_mul/solution1/.autopilot/db/matrix_mul_thread.compgen.tcl "
@I [HLS-100] Command 'ap_source' returned 0; elapsed 0.027Total elapsed time: 18.768 sec.
@I [HLS-100] Command "source C:/Users/gabil/Documents/inf3610_tp4/implementation/hls/matrix_mul/matrix_mul/solution1/.autopilot/db/matrix_mul.compgen.tcl "
@I [HLS-100] Command 'ap_source' returned 0; elapsed 0.022Total elapsed time: 18.790 sec.
@I [HLS-100] Command "source C:/Users/gabil/Documents/inf3610_tp4/implementation/hls/matrix_mul/matrix_mul/solution1/.autopilot/db/global.setting.tcl "
@I [HLS-100] Command 'ap_source' returned 0; elapsed 0.001Total elapsed time: 18.870 sec.
@I [HLS-100] Command "source C:/Users/gabil/Documents/inf3610_tp4/implementation/hls/matrix_mul/matrix_mul/solution1/.autopilot/db/matrix_mul.constraint.tcl "
@I [HLS-100] Command 'ap_source' returned 0; elapsed 0.002Total elapsed time: 18.876 sec.
@I [HLS-100] Command "source C:/Logiciels/Xilinx/Vivado_HLS/2012.4/common/technology/generic/autopilot/common.gen "
@I [HLS-100] Command "source C:/Logiciels/Xilinx/Vivado_HLS/2012.4/common/technology/generic/autopilot/APCoreGen.gen "
@I [HLS-100] Command 'ap_source' returned 0; elapsed 0.002Total elapsed time: 18.889 sec.
@I [HLS-100] Command 'ap_source' returned 0; elapsed 0.004Total elapsed time: 18.890 sec.
@I [HLS-100] Command "source C:/Logiciels/Xilinx/Vivado_HLS/2012.4/common/technology/generic/autopilot/op.gen "
@I [HLS-100] Command 'ap_source' returned 0; elapsed 0.002Total elapsed time: 18.892 sec.
@I [HLS-100] Command "source C:/Logiciels/Xilinx/Vivado_HLS/2012.4/common/technology/generic/autopilot/op_simcore.gen "
@I [HLS-100] Command 'ap_source' returned 0; elapsed 0.003Total elapsed time: 18.895 sec.
@I [HLS-100] Command "source C:/Logiciels/Xilinx/Vivado_HLS/2012.4/common/technology/generic/autopilot/interface.gen "
@I [HLS-100] Command 'ap_source' returned 0; elapsed 0.001Total elapsed time: 18.896 sec.
@I [HLS-100] Command "source C:/Users/gabil/Documents/inf3610_tp4/implementation/hls/matrix_mul/matrix_mul/solution1/.autopilot/db/global.setting.tcl "
@I [HLS-100] Command 'ap_source' returned 0; elapsed 0.002Total elapsed time: 18.898 sec.
@I [HLS-100] Command "source C:/Logiciels/Xilinx/Vivado_HLS/2012.4/common/technology/xilinx/zynq/zynq.gen "
@I [HLS-100] Command "source C:/Logiciels/Xilinx/Vivado_HLS/2012.4/common/technology/xilinx/common/virtex.gen "
@I [HLS-100] Command "source C:/Logiciels/Xilinx/Vivado_HLS/2012.4/common/technology/xilinx/common/xilinx.gen "
@I [HLS-100] Command "source C:/Logiciels/Xilinx/Vivado_HLS/2012.4/common/technology/xilinx/interface/plb46.gen "
@I [HLS-100] Command 'ap_source' returned 0; elapsed 0.001Total elapsed time: 18.899 sec.
@I [HLS-100] Command "source C:/Logiciels/Xilinx/Vivado_HLS/2012.4/common/technology/xilinx/interface/fsl.gen "
@I [HLS-100] Command 'ap_source' returned 0; elapsed 0Total elapsed time: 18.900 sec.
@I [HLS-100] Command "source C:/Logiciels/Xilinx/Vivado_HLS/2012.4/common/technology/xilinx/interface/axi4.gen "
@I [HLS-100] Command 'ap_source' returned 0; elapsed 0.002Total elapsed time: 18.902 sec.
@I [HLS-100] Command "source C:/Logiciels/Xilinx/Vivado_HLS/2012.4/common/technology/xilinx/scripts/xilinxcoregen.gen "
@I [HLS-100] Command 'ap_source' returned 0; elapsed 0.007Total elapsed time: 18.909 sec.
@I [HLS-100] Command "source C:/Logiciels/Xilinx/Vivado_HLS/2012.4/common/technology/xilinx/interface/XilEDKCoreGen.gen "
@I [HLS-100] Command 'ap_source' returned 0; elapsed 0.009Total elapsed time: 18.918 sec.
@I [HLS-100] Command 'ap_source' returned 0; elapsed 0.02Total elapsed time: 18.918 sec.
@I [HLS-100] Command "source C:/Logiciels/Xilinx/Vivado_HLS/2012.4/common/technology/xilinx/common/dsp48.gen "
@I [HLS-100] Command 'ap_source' returned 0; elapsed 0Total elapsed time: 18.919 sec.
@I [HLS-100] Command 'ap_source' returned 0; elapsed 0.021Total elapsed time: 18.919 sec.
@I [HLS-100] Command 'ap_source' returned 0; elapsed 0.021Total elapsed time: 18.919 sec.
@I [HLS-100] Command "source C:/Logiciels/Xilinx/Vivado_HLS/2012.4/common/technology/xilinx/zynq/zynq_fpv6.gen "
@I [HLS-100] Command "source C:/Logiciels/Xilinx/Vivado_HLS/2012.4/common/technology/xilinx/common/xilinx_fpv6.gen "
@I [HLS-100] Command 'ap_source' returned 0; elapsed 0.001Total elapsed time: 18.920 sec.
@I [HLS-100] Command 'ap_source' returned 0; elapsed 0.001Total elapsed time: 18.920 sec.
@I [HLS-100] Command "source C:/Users/gabil/Documents/inf3610_tp4/implementation/hls/matrix_mul/matrix_mul/solution1/.autopilot/db/global.setting.tcl "
@I [HLS-100] Command 'ap_source' returned 0; elapsed 0.001Total elapsed time: 19.54 sec.
@I [HLS-100] Command "source C:/Logiciels/Xilinx/Vivado_HLS/2012.4/common/technology/generic/autopilot/common.gen "
@I [HLS-100] Command "source C:/Logiciels/Xilinx/Vivado_HLS/2012.4/common/technology/generic/autopilot/APCoreGen.gen "
@I [HLS-100] Command 'ap_source' returned 0; elapsed 0.002Total elapsed time: 19.60 sec.
@I [HLS-100] Command 'ap_source' returned 0; elapsed 0.003Total elapsed time: 19.60 sec.
@I [HLS-100] Command "source C:/Logiciels/Xilinx/Vivado_HLS/2012.4/common/technology/generic/autopilot/op.gen "
@I [HLS-100] Command 'ap_source' returned 0; elapsed 0.001Total elapsed time: 19.61 sec.
@I [HLS-100] Command "source C:/Logiciels/Xilinx/Vivado_HLS/2012.4/common/technology/generic/autopilot/op_simcore.gen "
@I [HLS-100] Command 'ap_source' returned 0; elapsed 0.002Total elapsed time: 19.63 sec.
@I [HLS-100] Command "source C:/Logiciels/Xilinx/Vivado_HLS/2012.4/common/technology/generic/autopilot/interface.gen "
@I [HLS-100] Command 'ap_source' returned 0; elapsed 0.001Total elapsed time: 19.64 sec.
@I [HLS-100] Command "source C:/Users/gabil/Documents/inf3610_tp4/implementation/hls/matrix_mul/matrix_mul/solution1/.autopilot/db/global.setting.tcl "
@I [HLS-100] Command 'ap_source' returned 0; elapsed 0.001Total elapsed time: 19.65 sec.
@I [HLS-100] Command "source C:/Logiciels/Xilinx/Vivado_HLS/2012.4/common/technology/xilinx/zynq/zynq.gen "
@I [HLS-100] Command "source C:/Logiciels/Xilinx/Vivado_HLS/2012.4/common/technology/xilinx/common/virtex.gen "
@I [HLS-100] Command "source C:/Logiciels/Xilinx/Vivado_HLS/2012.4/common/technology/xilinx/common/xilinx.gen "
@I [HLS-100] Command "source C:/Logiciels/Xilinx/Vivado_HLS/2012.4/common/technology/xilinx/interface/plb46.gen "
@I [HLS-100] Command 'ap_source' returned 0; elapsed 0.001Total elapsed time: 19.67 sec.
@I [HLS-100] Command "source C:/Logiciels/Xilinx/Vivado_HLS/2012.4/common/technology/xilinx/interface/fsl.gen "
@I [HLS-100] Command 'ap_source' returned 0; elapsed 0.001Total elapsed time: 19.68 sec.
@I [HLS-100] Command "source C:/Logiciels/Xilinx/Vivado_HLS/2012.4/common/technology/xilinx/interface/axi4.gen "
@I [HLS-100] Command 'ap_source' returned 0; elapsed 0.001Total elapsed time: 19.69 sec.
@I [HLS-100] Command "source C:/Logiciels/Xilinx/Vivado_HLS/2012.4/common/technology/xilinx/scripts/xilinxcoregen.gen "
@I [HLS-100] Command 'ap_source' returned 0; elapsed 0.008Total elapsed time: 19.77 sec.
@I [HLS-100] Command "source C:/Logiciels/Xilinx/Vivado_HLS/2012.4/common/technology/xilinx/interface/XilEDKCoreGen.gen "
@I [HLS-100] Command 'ap_source' returned 0; elapsed 0.009Total elapsed time: 19.86 sec.
@I [HLS-100] Command 'ap_source' returned 0; elapsed 0.02Total elapsed time: 19.86 sec.
@I [HLS-100] Command "source C:/Logiciels/Xilinx/Vivado_HLS/2012.4/common/technology/xilinx/common/dsp48.gen "
@I [HLS-100] Command 'ap_source' returned 0; elapsed 0Total elapsed time: 19.87 sec.
@I [HLS-100] Command 'ap_source' returned 0; elapsed 0.022Total elapsed time: 19.87 sec.
@I [HLS-100] Command 'ap_source' returned 0; elapsed 0.022Total elapsed time: 19.87 sec.
@I [HLS-100] Command "source C:/Logiciels/Xilinx/Vivado_HLS/2012.4/common/technology/xilinx/zynq/zynq_fpv6.gen "
@I [HLS-100] Command "source C:/Logiciels/Xilinx/Vivado_HLS/2012.4/common/technology/xilinx/common/xilinx_fpv6.gen "
@I [HLS-100] Command 'ap_source' returned 0; elapsed 0.001Total elapsed time: 19.89 sec.
@I [HLS-100] Command 'ap_source' returned 0; elapsed 0.001Total elapsed time: 19.89 sec.
@I [HLS-100] Command "source C:/Users/gabil/Documents/inf3610_tp4/implementation/hls/matrix_mul/matrix_mul/solution1/.autopilot/db/global.setting.tcl "
@I [HLS-100] Command 'ap_source' returned 0; elapsed 0.001Total elapsed time: 19.126 sec.
@I [HLS-100] Command "source C:/Users/gabil/Documents/inf3610_tp4/implementation/hls/matrix_mul/matrix_mul/solution1/.autopilot/db/global.setting.tcl "
@I [HLS-100] Command 'ap_source' returned 0; elapsed 0.001Total elapsed time: 19.131 sec.
@I [HLS-100] Command "source C:/Logiciels/Xilinx/Vivado_HLS/2012.4/common/technology/generic/autopilot/common.gen "
@I [HLS-100] Command "source C:/Logiciels/Xilinx/Vivado_HLS/2012.4/common/technology/generic/autopilot/APCoreGen.gen "
@I [HLS-100] Command 'ap_source' returned 0; elapsed 0.002Total elapsed time: 19.135 sec.
@I [HLS-100] Command 'ap_source' returned 0; elapsed 0.003Total elapsed time: 19.135 sec.
@I [HLS-100] Command "source C:/Logiciels/Xilinx/Vivado_HLS/2012.4/common/technology/generic/autopilot/op.gen "
@I [HLS-100] Command 'ap_source' returned 0; elapsed 0.001Total elapsed time: 19.136 sec.
@I [HLS-100] Command "source C:/Logiciels/Xilinx/Vivado_HLS/2012.4/common/technology/generic/autopilot/op_simcore.gen "
@I [HLS-100] Command 'ap_source' returned 0; elapsed 0.002Total elapsed time: 19.138 sec.
@I [HLS-100] Command "source C:/Logiciels/Xilinx/Vivado_HLS/2012.4/common/technology/generic/autopilot/interface.gen "
@I [HLS-100] Command 'ap_source' returned 0; elapsed 0.001Total elapsed time: 19.139 sec.
@I [HLS-100] Command "source C:/Users/gabil/Documents/inf3610_tp4/implementation/hls/matrix_mul/matrix_mul/solution1/.autopilot/db/global.setting.tcl "
@I [HLS-100] Command 'ap_source' returned 0; elapsed 0.001Total elapsed time: 19.140 sec.
@I [HLS-100] Command "source C:/Logiciels/Xilinx/Vivado_HLS/2012.4/common/technology/xilinx/zynq/zynq.gen "
@I [HLS-100] Command "source C:/Logiciels/Xilinx/Vivado_HLS/2012.4/common/technology/xilinx/common/virtex.gen "
@I [HLS-100] Command "source C:/Logiciels/Xilinx/Vivado_HLS/2012.4/common/technology/xilinx/common/xilinx.gen "
@I [HLS-100] Command "source C:/Logiciels/Xilinx/Vivado_HLS/2012.4/common/technology/xilinx/interface/plb46.gen "
@I [HLS-100] Command 'ap_source' returned 0; elapsed 0.001Total elapsed time: 19.142 sec.
@I [HLS-100] Command "source C:/Logiciels/Xilinx/Vivado_HLS/2012.4/common/technology/xilinx/interface/fsl.gen "
@I [HLS-100] Command 'ap_source' returned 0; elapsed 0Total elapsed time: 19.142 sec.
@I [HLS-100] Command "source C:/Logiciels/Xilinx/Vivado_HLS/2012.4/common/technology/xilinx/interface/axi4.gen "
@I [HLS-100] Command 'ap_source' returned 0; elapsed 0.002Total elapsed time: 19.144 sec.
@I [HLS-100] Command "source C:/Logiciels/Xilinx/Vivado_HLS/2012.4/common/technology/xilinx/scripts/xilinxcoregen.gen "
@I [HLS-100] Command 'ap_source' returned 0; elapsed 0.006Total elapsed time: 19.150 sec.
@I [HLS-100] Command "source C:/Logiciels/Xilinx/Vivado_HLS/2012.4/common/technology/xilinx/interface/XilEDKCoreGen.gen "
@I [HLS-100] Command 'ap_source' returned 0; elapsed 0.008Total elapsed time: 19.159 sec.
@I [HLS-100] Command 'ap_source' returned 0; elapsed 0.019Total elapsed time: 19.159 sec.
@I [HLS-100] Command "source C:/Logiciels/Xilinx/Vivado_HLS/2012.4/common/technology/xilinx/common/dsp48.gen "
@I [HLS-100] Command 'ap_source' returned 0; elapsed 0Total elapsed time: 19.160 sec.
@I [HLS-100] Command 'ap_source' returned 0; elapsed 0.02Total elapsed time: 19.160 sec.
@I [HLS-100] Command 'ap_source' returned 0; elapsed 0.02Total elapsed time: 19.160 sec.
@I [HLS-100] Command "source C:/Logiciels/Xilinx/Vivado_HLS/2012.4/common/technology/xilinx/zynq/zynq_fpv6.gen "
@I [HLS-100] Command "source C:/Logiciels/Xilinx/Vivado_HLS/2012.4/common/technology/xilinx/common/xilinx_fpv6.gen "
@I [HLS-100] Command 'ap_source' returned 0; elapsed 0.001Total elapsed time: 19.162 sec.
@I [HLS-100] Command 'ap_source' returned 0; elapsed 0.002Total elapsed time: 19.162 sec.
@I [HLS-100] Command "source C:/Users/gabil/Documents/inf3610_tp4/implementation/hls/matrix_mul/matrix_mul/solution1/.autopilot/db/matrix_mul_thread.compgen.tcl "
@I [HLS-100] Command 'ap_source' returned 0; elapsed 0.018Total elapsed time: 19.208 sec.
@I [HLS-100] Command "source C:/Users/gabil/Documents/inf3610_tp4/implementation/hls/matrix_mul/matrix_mul/solution1/.autopilot/db/matrix_mul.compgen.tcl "
@I [HLS-100] Command 'ap_source' returned 0; elapsed 0.019Total elapsed time: 19.228 sec.
@I [HLS-100] Command "source C:/Users/gabil/Documents/inf3610_tp4/implementation/hls/matrix_mul/matrix_mul/solution1/.autopilot/db/global.setting.tcl "
@I [HLS-100] Command 'ap_source' returned 0; elapsed 0.001Total elapsed time: 19.300 sec.
@I [HLS-100] Command "source C:/Users/gabil/Documents/inf3610_tp4/implementation/hls/matrix_mul/matrix_mul/solution1/.autopilot/db/matrix_mul.constraint.tcl "
@I [HLS-100] Command 'ap_source' returned 0; elapsed 0.001Total elapsed time: 19.303 sec.
@I [HLS-100] Command "source C:/Logiciels/Xilinx/Vivado_HLS/2012.4/common/technology/generic/autopilot/common.gen "
@I [HLS-100] Command "source C:/Logiciels/Xilinx/Vivado_HLS/2012.4/common/technology/generic/autopilot/APCoreGen.gen "
@I [HLS-100] Command 'ap_source' returned 0; elapsed 0.001Total elapsed time: 19.312 sec.
@I [HLS-100] Command 'ap_source' returned 0; elapsed 0.002Total elapsed time: 19.312 sec.
@I [HLS-100] Command "source C:/Logiciels/Xilinx/Vivado_HLS/2012.4/common/technology/generic/autopilot/op.gen "
@I [HLS-100] Command 'ap_source' returned 0; elapsed 0.001Total elapsed time: 19.314 sec.
@I [HLS-100] Command "source C:/Logiciels/Xilinx/Vivado_HLS/2012.4/common/technology/generic/autopilot/op_simcore.gen "
@I [HLS-100] Command 'ap_source' returned 0; elapsed 0.001Total elapsed time: 19.315 sec.
@I [HLS-100] Command "source C:/Logiciels/Xilinx/Vivado_HLS/2012.4/common/technology/generic/autopilot/interface.gen "
@I [HLS-100] Command 'ap_source' returned 0; elapsed 0.001Total elapsed time: 19.316 sec.
@I [HLS-100] Command "source C:/Users/gabil/Documents/inf3610_tp4/implementation/hls/matrix_mul/matrix_mul/solution1/.autopilot/db/global.setting.tcl "
@I [HLS-100] Command 'ap_source' returned 0; elapsed 0.001Total elapsed time: 19.317 sec.
@I [HLS-100] Command "source C:/Logiciels/Xilinx/Vivado_HLS/2012.4/common/technology/xilinx/zynq/zynq.gen "
@I [HLS-100] Command "source C:/Logiciels/Xilinx/Vivado_HLS/2012.4/common/technology/xilinx/common/virtex.gen "
@I [HLS-100] Command "source C:/Logiciels/Xilinx/Vivado_HLS/2012.4/common/technology/xilinx/common/xilinx.gen "
@I [HLS-100] Command "source C:/Logiciels/Xilinx/Vivado_HLS/2012.4/common/technology/xilinx/interface/plb46.gen "
@I [HLS-100] Command 'ap_source' returned 0; elapsed 0.001Total elapsed time: 19.319 sec.
@I [HLS-100] Command "source C:/Logiciels/Xilinx/Vivado_HLS/2012.4/common/technology/xilinx/interface/fsl.gen "
@I [HLS-100] Command 'ap_source' returned 0; elapsed 0.001Total elapsed time: 19.320 sec.
@I [HLS-100] Command "source C:/Logiciels/Xilinx/Vivado_HLS/2012.4/common/technology/xilinx/interface/axi4.gen "
@I [HLS-100] Command 'ap_source' returned 0; elapsed 0.002Total elapsed time: 19.322 sec.
@I [HLS-100] Command "source C:/Logiciels/Xilinx/Vivado_HLS/2012.4/common/technology/xilinx/scripts/xilinxcoregen.gen "
@I [HLS-100] Command 'ap_source' returned 0; elapsed 0.006Total elapsed time: 19.328 sec.
@I [HLS-100] Command "source C:/Logiciels/Xilinx/Vivado_HLS/2012.4/common/technology/xilinx/interface/XilEDKCoreGen.gen "
@I [HLS-100] Command 'ap_source' returned 0; elapsed 0.009Total elapsed time: 19.337 sec.
@I [HLS-100] Command 'ap_source' returned 0; elapsed 0.019Total elapsed time: 19.337 sec.
@I [HLS-100] Command "source C:/Logiciels/Xilinx/Vivado_HLS/2012.4/common/technology/xilinx/common/dsp48.gen "
@I [HLS-100] Command 'ap_source' returned 0; elapsed 0Total elapsed time: 19.338 sec.
@I [HLS-100] Command 'ap_source' returned 0; elapsed 0.02Total elapsed time: 19.338 sec.
@I [HLS-100] Command 'ap_source' returned 0; elapsed 0.02Total elapsed time: 19.338 sec.
@I [HLS-100] Command "source C:/Logiciels/Xilinx/Vivado_HLS/2012.4/common/technology/xilinx/zynq/zynq_fpv6.gen "
@I [HLS-100] Command "source C:/Logiciels/Xilinx/Vivado_HLS/2012.4/common/technology/xilinx/common/xilinx_fpv6.gen "
@I [HLS-100] Command 'ap_source' returned 0; elapsed 0.001Total elapsed time: 19.340 sec.
@I [HLS-100] Command 'ap_source' returned 0; elapsed 0.002Total elapsed time: 19.340 sec.
@I [HLS-100] Command 'export_design' returned 0; elapsed 18.709Total elapsed time: 19.458 sec.
@I [HLS-100] Command "cleanup_all "
@I [HLS-100] Command 'cleanup_all' returned 0; elapsed 0Total elapsed time: 19.458 sec.
