================================================================
  Vivado(TM) HLS - High-Level Synthesis from C, C++ and SystemC
  Version: 2012.4
  Build date: Fri Dec 07 12:41:34 PM 2012
  Copyright (C) 2012 Xilinx Inc. All rights reserved.
================================================================
@I [LIC-101] Checked out feature [HLS]
@I [HLS-10] Running 'C:/Logiciels/Xilinx/Vivado_HLS/2012.4/Win_x86/bin/vivado_hls_bin.exe'
@I [HLS-10] On platform 'Windows NT_intel version 6.2'
@I [HLS-10] Vivado HLS Tcl shell started on Mon Dec 07 19:30:06 -0500 2015 for user 'gabil' at host 'l3712-19'
@I [HLS-10] Current directory: C:/Users/gabil/Documents/inf3610_tp4/implementation/hls/matrix_mul
@I [HLS-10] Opening project 'C:/Users/gabil/Documents/inf3610_tp4/implementation/hls/matrix_mul/matrix_mul'.
@I [HLS-10] Opening solution 'C:/Users/gabil/Documents/inf3610_tp4/implementation/hls/matrix_mul/matrix_mul/solution1'.
@I [SYN-201] Setting up clock with a period of 10ns.
@I [SYN-201] Setting up clock with an uncertainty of 3ns.
@I [HLS-10] Setting target device to 'xc7z020clg484-1'
@W [IMPL-205] Ignored option '-use_netlist' which is only valid for pcore.
@I [IMPL-8] Exporting RTL as an IP in IP-XACT.
@I [IMPL-282] Generating Xilinx core: 'matrix_mul_mul_32s_32s_32_6_MulnS_0'
@I [IMPL-278] Implementing memory 'matrix_mul_m_result_ram' as block RAMs.

****** Vivado v2012.4.1 (64-bit)
  **** Build 222254 by xbuild on Tue Dec 18 05:21:09 MST 2012
    ** Copyright 1986-1999, 2001-2012 Xilinx, Inc. All Rights Reserved.

INFO: [Common 17-81] Feature available: Implementation
INFO: [Common 17-81] Feature available: Synthesis
INFO: [Device 21-36] Loading parts and site information from C:/Logiciels/Xilinx/14.4/ISE_DS/PlanAhead/data/parts/arch.xml
Parsing RTL primitives file [C:/Logiciels/Xilinx/14.4/ISE_DS/PlanAhead/data/parts/xilinx/rtl/prims/rtl_prims.xml]
Finished parsing RTL primitives file [C:/Logiciels/Xilinx/14.4/ISE_DS/PlanAhead/data/parts/xilinx/rtl/prims/rtl_prims.xml]
source run_ippack.tcl -notrace
INFO: [Common 17-206] Exiting Vivado at Mon Dec 07 19:30:22 2015...
@I [LIC-101] Checked in feature [HLS]
